[--------- Simulation started ---------]
Drone 0 uncertainty rate 0.05, vanishing time 10.0, map threshold 0.5
At time: 0, node 0 map has a total of 0 cell abouve threshold
At time: 0, the node 0 has 100.0 unvisited cells
Drone 1 uncertainty rate 0.05, vanishing time 10.0, map threshold 0.5
At time: 0, node 1 map has a total of 0 cell abouve threshold
At time: 0, the node 1 has 100.0 unvisited cells
Drone 2 uncertainty rate 0.05, vanishing time 10.0, map threshold 0.5
At time: 0, node 2 map has a total of 0 cell abouve threshold
At time: 0, the node 2 has 100.0 unvisited cells
Drone 3 uncertainty rate 0.05, vanishing time 10.0, map threshold 0.5
At time: 0, node 3 map has a total of 0 cell abouve threshold
At time: 0, the node 3 has 100.0 unvisited cells
Drone 4 uncertainty rate 0.05, vanishing time 10.0, map threshold 0.5
At time: 0, node 4 map has a total of 0 cell abouve threshold
At time: 0, the node 4 has 100.0 unvisited cells
Drone 5 uncertainty rate 0.05, vanishing time 10.0, map threshold 0.5
At time: 0, node 5 map has a total of 0 cell abouve threshold
At time: 0, the node 5 has 100.0 unvisited cells
At time: 1, node 2 map has total uncertainty of 103.95000000000002
At time: 1.5, node 1 map has total uncertainty of 102.9
At time: 2.0, node 2 map has total uncertainty of 102.9
At time: 2.5, node 5 map has total uncertainty of 100.80000000000001
At time: 2.5, node 3 map has total uncertainty of 100.80000000000001
At time: 2.5, node 2 map has total uncertainty of 101.85000000000002
At time: 3.0, node 1 map has total uncertainty of 100.80000000000001
At time: 3.0, node 2 map has total uncertainty of 100.80000000000001
At time: 3.0, node 5 map has total uncertainty of 98.70000000000002
At time: 3.5, node 0 map has total uncertainty of 98.70000000000002
At time: 3.5, node 4 map has total uncertainty of 97.65
At time: 3.5, node 2 map has total uncertainty of 98.70000000000002
At time: 3.5, node 3 map has total uncertainty of 98.70000000000002
At time: 3.5, node 5 map has total uncertainty of 98.70000000000002
At time: 4.0, node 3 map has total uncertainty of 98.70000000000002
At time: 4.0, node 4 map has total uncertainty of 97.65
At time: 4.0, node 1 map has total uncertainty of 95.55000000000001
At time: 4.0, node 2 map has total uncertainty of 97.65
At time: 4.0, node 0 map has total uncertainty of 98.70000000000002
At time: 4.5, node 1 map has total uncertainty of 93.45
At time: 4.5, node 2 map has total uncertainty of 96.60000000000001
At time: 4.5, node 5 map has total uncertainty of 94.5
At time: 4.5, node 4 map has total uncertainty of 97.65
At time: 5.0, node 1 map has total uncertainty of 93.45
At time: 5.0, node 5 map has total uncertainty of 94.5
At time: 5.0, node 0 map has total uncertainty of 93.45000000000002
At time: 5.0, node 2 map has total uncertainty of 96.60000000000001
At time: 5.0, node 2 map has total uncertainty of 95.55000000000001
At time: 5.0, node 3 map has total uncertainty of 97.65
At time: 5.5, node 2 map has total uncertainty of 94.5
At time: 5.5, node 1 map has total uncertainty of 91.35000000000001
At time: 5.5, node 3 map has total uncertainty of 95.55000000000001
At time: 5.5, node 3 map has total uncertainty of 94.5
At time: 5.5, node 5 map has total uncertainty of 92.4
At time: 5.5, node 4 map has total uncertainty of 95.55000000000001
At time: 5.5, node 0 map has total uncertainty of 92.4
At time: 6.0, node 4 map has total uncertainty of 95.55000000000001
At time: 6.0, node 2 map has total uncertainty of 94.5
At time: 6.0, node 3 map has total uncertainty of 94.5
At time: 6.0, node 1 map has total uncertainty of 91.35000000000001
At time: 6.0, node 5 map has total uncertainty of 92.4
At time: 6.0, node 0 map has total uncertainty of 91.35000000000001
At time: 6.5, node 0 map has total uncertainty of 90.30000000000001
At time: 6.5, node 3 map has total uncertainty of 91.35000000000001
At time: 6.5, node 4 map has total uncertainty of 92.4
At time: 6.5, node 1 map has total uncertainty of 91.35000000000001
At time: 6.5, node 2 map has total uncertainty of 92.4
At time: 7.0, node 2 map has total uncertainty of 92.4
At time: 7.0, node 0 map has total uncertainty of 89.25
At time: 7.0, node 4 map has total uncertainty of 92.4
At time: 7.0, node 3 map has total uncertainty of 90.30000000000001
At time: 7.0, node 1 map has total uncertainty of 91.35000000000001
At time: 7.0, node 5 map has total uncertainty of 81.9
At time: 7.5, node 4 map has total uncertainty of 90.30000000000001
At time: 7.5, node 2 map has total uncertainty of 90.30000000000001
At time: 7.5, node 3 map has total uncertainty of 82.95
At time: 7.5, node 0 map has total uncertainty of 89.25
At time: 7.5, node 1 map has total uncertainty of 91.35000000000001
At time: 7.5, node 5 map has total uncertainty of 81.9
At time: 7.5, node 5 map has total uncertainty of 80.85
At time: 8.0, node 1 map has total uncertainty of 91.35000000000001
At time: 8.0, node 4 map has total uncertainty of 90.30000000000001
At time: 8.0, node 3 map has total uncertainty of 82.95
At time: 8.0, node 2 map has total uncertainty of 90.30000000000001
At time: 8.0, node 0 map has total uncertainty of 89.25
At time: 8.0, node 5 map has total uncertainty of 80.85
At time: 8.5, node 4 map has total uncertainty of 90.30000000000001
At time: 8.5, node 4 map has total uncertainty of 89.25
At time: 8.5, node 1 map has total uncertainty of 91.35000000000001
At time: 8.5, node 5 map has total uncertainty of 79.8
At time: 8.5, node 2 map has total uncertainty of 82.95
At time: 8.5, node 0 map has total uncertainty of 89.25
At time: 8.5, node 3 map has total uncertainty of 80.85
At time: 9.0, node 0 map has total uncertainty of 89.25
At time: 9.0, node 4 map has total uncertainty of 89.25
At time: 9.0, node 5 map has total uncertainty of 79.8
At time: 9.0, node 1 map has total uncertainty of 91.35000000000001
At time: 9.0, node 2 map has total uncertainty of 81.9
At time: 9.0, node 3 map has total uncertainty of 76.64999999999999
At time: 9.5, node 3 map has total uncertainty of 76.64999999999999
At time: 9.5, node 4 map has total uncertainty of 77.69999999999999
At time: 9.5, node 4 map has total uncertainty of 76.64999999999999
At time: 9.5, node 0 map has total uncertainty of 89.25
At time: 9.5, node 1 map has total uncertainty of 77.69999999999999
At time: 9.5, node 1 map has total uncertainty of 76.64999999999999
At time: 9.5, node 2 map has total uncertainty of 77.69999999999999
At time: 9.5, node 2 map has total uncertainty of 77.69999999999999
At time: 9.5, node 5 map has total uncertainty of 79.8
At time: 10.0, node 4 map has a total of 27 cell abouve threshold
At time: 10.0, the node 4 has 73.0 unvisited cells
At time: 10.0, node 3 map has total uncertainty of 76.64999999999999
At time: 10.0, node 0 map has total uncertainty of 89.25
At time: 10.0, node 1 map has a total of 27 cell abouve threshold
At time: 10.0, the node 1 has 73.0 unvisited cells
At time: 10.0, node 4 map has total uncertainty of 81.59999999999997
At time: 10.0, node 1 map has total uncertainty of 81.59999999999997
At time: 10.0, node 2 map has total uncertainty of 77.69999999999999
At time: 10.0, node 2 map has a total of 28 cell abouve threshold
At time: 10.0, the node 2 has 72.0 unvisited cells
At time: 10.0, node 5 map has a total of 28 cell abouve threshold
At time: 10.0, the node 5 has 72.0 unvisited cells
At time: 10.0, node 5 map has total uncertainty of 79.59999999999998
At time: 10.0, node 0 map has a total of 15 cell abouve threshold
At time: 10.0, the node 0 has 85.0 unvisited cells
At time: 10.0, node 3 map has a total of 29 cell abouve threshold
At time: 10.0, the node 3 has 71.0 unvisited cells
At time: 10.5, node 5 map has total uncertainty of 78.49999999999997
At time: 10.5, node 2 map has total uncertainty of 80.59999999999997
At time: 10.5, node 1 map has total uncertainty of 80.44999999999997
At time: 10.5, node 4 map has total uncertainty of 80.19999999999997
At time: 10.5, node 3 map has total uncertainty of 79.84999999999998
At time: 10.5, node 0 map has total uncertainty of 94.19999999999996
At time: 11.0, node 3 map has total uncertainty of 79.84999999999998
At time: 11.0, node 5 map has total uncertainty of 78.49999999999997
At time: 11.0, node 2 map has total uncertainty of 80.59999999999997
At time: 11.0, node 2 map has total uncertainty of 80.54999999999997
At time: 11.0, node 1 map has total uncertainty of 80.39999999999998
At time: 11.0, node 4 map has total uncertainty of 79.09999999999997
At time: 11.0, node 4 map has total uncertainty of 77.99999999999997
At time: 11.0, node 0 map has total uncertainty of 93.09999999999997
At time: 11.0, node 0 map has total uncertainty of 93.04999999999995
At time: 11.5, node 0 map has total uncertainty of 93.04999999999995
At time: 11.5, node 1 map has total uncertainty of 80.39999999999998
At time: 11.5, node 4 map has total uncertainty of 74.84999999999998
At time: 11.5, node 2 map has total uncertainty of 77.24999999999997
At time: 11.5, node 2 map has total uncertainty of 76.14999999999998
At time: 12.0, node 2 map has total uncertainty of 76.14999999999998
At time: 12.0, node 0 map has total uncertainty of 91.94999999999996
At time: 12.0, node 1 map has total uncertainty of 80.34999999999998
At time: 12.0, node 5 map has total uncertainty of 73.99999999999997
At time: 12.0, node 4 map has total uncertainty of 74.84999999999998
At time: 12.0, node 3 map has total uncertainty of 75.14999999999998
At time: 12.5, node 3 map has total uncertainty of 75.14999999999998
At time: 12.5, node 0 map has total uncertainty of 74.89999999999996
At time: 12.5, node 2 map has total uncertainty of 73.94999999999997
At time: 12.5, node 5 map has total uncertainty of 73.99999999999997
At time: 12.5, node 1 map has total uncertainty of 74.89999999999996
At time: 13.0, node 1 map has total uncertainty of 74.84999999999997
At time: 13.0, node 3 map has total uncertainty of 74.04999999999998
At time: 13.0, node 0 map has total uncertainty of 73.79999999999997
At time: 13.0, node 4 map has total uncertainty of 74.84999999999998
At time: 13.0, node 2 map has total uncertainty of 73.94999999999997
At time: 13.0, node 5 map has total uncertainty of 72.89999999999998
At time: 13.5, node 5 map has total uncertainty of 72.89999999999998
At time: 13.5, node 0 map has total uncertainty of 73.74999999999997
At time: 13.5, node 2 map has total uncertainty of 73.94999999999997
At time: 13.5, node 4 map has total uncertainty of 73.74999999999999
At time: 13.5, node 1 map has total uncertainty of 73.74999999999997
At time: 13.5, node 3 map has total uncertainty of 72.94999999999997
At time: 14.0, node 1 map has total uncertainty of 73.74999999999997
At time: 14.0, node 5 map has total uncertainty of 72.89999999999998
At time: 14.0, node 2 map has total uncertainty of 72.84999999999998
At time: 14.0, node 0 map has total uncertainty of 72.64999999999998
At time: 14.0, node 4 map has total uncertainty of 72.64999999999998
At time: 14.0, node 3 map has total uncertainty of 71.84999999999998
At time: 14.5, node 5 map has total uncertainty of 69.6
At time: 14.5, node 5 map has total uncertainty of 69.6
At time: 14.5, node 1 map has total uncertainty of 72.59999999999997
At time: 14.5, node 3 map has total uncertainty of 71.84999999999998
At time: 14.5, node 4 map has total uncertainty of 70.44999999999999
At time: 14.5, node 0 map has total uncertainty of 72.59999999999997
At time: 14.5, node 2 map has total uncertainty of 71.74999999999997
At time: 15.0, node 4 map has total uncertainty of 69.35
At time: 15.0, node 3 map has total uncertainty of 71.84999999999998
At time: 15.0, node 5 map has total uncertainty of 69.6
At time: 15.0, node 1 map has total uncertainty of 72.59999999999997
At time: 15.0, node 2 map has total uncertainty of 71.74999999999997
At time: 15.0, node 0 map has total uncertainty of 72.54999999999998
At time: 15.5, node 0 map has total uncertainty of 72.49999999999997
At time: 15.5, node 5 map has total uncertainty of 68.5
At time: 15.5, node 5 map has total uncertainty of 68.5
At time: 15.5, node 3 map has total uncertainty of 67.44999999999999
At time: 15.5, node 3 map has total uncertainty of 67.44999999999999
At time: 15.5, node 4 map has total uncertainty of 69.35
At time: 15.5, node 1 map has total uncertainty of 72.49999999999997
At time: 15.5, node 2 map has total uncertainty of 68.39999999999998
At time: 16.0, node 2 map has total uncertainty of 68.34999999999998
At time: 16.0, node 2 map has total uncertainty of 68.34999999999998
At time: 16.0, node 0 map has total uncertainty of 72.44999999999997
At time: 16.0, node 5 map has total uncertainty of 68.5
At time: 16.0, node 1 map has total uncertainty of 72.44999999999997
At time: 16.0, node 3 map has total uncertainty of 67.44999999999999
At time: 16.0, node 4 map has total uncertainty of 68.25
At time: 16.5, node 4 map has total uncertainty of 68.25
At time: 16.5, node 2 map has total uncertainty of 60.2
At time: 16.5, node 3 map has total uncertainty of 59.15
At time: 16.5, node 5 map has total uncertainty of 68.5
At time: 16.5, node 5 map has total uncertainty of 68.5
At time: 16.5, node 0 map has total uncertainty of 59.1
At time: 17.0, node 5 map has total uncertainty of 68.5
At time: 17.0, node 4 map has total uncertainty of 68.25
At time: 17.0, node 3 map has total uncertainty of 59.15
At time: 17.0, node 1 map has total uncertainty of 59.00000000000001
At time: 17.0, node 0 map has total uncertainty of 59.1
At time: 17.5, node 3 map has total uncertainty of 59.15
At time: 17.5, node 5 map has total uncertainty of 55.8
At time: 17.5, node 5 map has total uncertainty of 55.8
At time: 17.5, node 0 map has total uncertainty of 59.1
At time: 17.5, node 0 map has total uncertainty of 59.1
At time: 17.5, node 2 map has total uncertainty of 55.75
At time: 17.5, node 1 map has total uncertainty of 59.00000000000001
At time: 17.5, node 4 map has total uncertainty of 55.599999999999994
At time: 18.0, node 3 map has total uncertainty of 59.15
At time: 18.0, node 3 map has total uncertainty of 59.1
At time: 18.0, node 2 map has total uncertainty of 55.75
At time: 18.0, node 2 map has total uncertainty of 55.75
At time: 18.0, node 1 map has total uncertainty of 55.65
At time: 18.0, node 5 map has total uncertainty of 55.75
At time: 18.0, node 4 map has total uncertainty of 54.5
At time: 18.5, node 3 map has total uncertainty of 55.8
At time: 18.5, node 0 map has total uncertainty of 55.75
At time: 18.5, node 4 map has total uncertainty of 54.5
At time: 18.5, node 1 map has total uncertainty of 55.65
At time: 18.5, node 2 map has total uncertainty of 55.7
At time: 19.0, node 1 map has total uncertainty of 55.65
At time: 19.0, node 3 map has total uncertainty of 55.8
At time: 19.0, node 4 map has total uncertainty of 54.5
At time: 19.0, node 0 map has total uncertainty of 55.75
At time: 19.0, node 0 map has total uncertainty of 54.65
At time: 19.0, node 5 map has total uncertainty of 55.75
At time: 19.0, node 2 map has total uncertainty of 54.55
At time: 19.5, node 2 map has total uncertainty of 54.55
At time: 19.5, node 3 map has total uncertainty of 54.7
At time: 19.5, node 1 map has total uncertainty of 54.5
At time: 19.5, node 0 map has total uncertainty of 54.65
At time: 19.5, node 5 map has total uncertainty of 54.65
At time: 19.5, node 4 map has total uncertainty of 54.449999999999996
At time: 19.5, node 4 map has total uncertainty of 54.449999999999996
At time: 20.0, node 2 map has total uncertainty of 54.55
At time: 20.0, node 1 map has total uncertainty of 54.5
At time: 20.0, node 3 map has total uncertainty of 53.55
At time: 20.0, node 4 map has a total of 51 cell abouve threshold
At time: 20.0, the node 4 has 49.0 unvisited cells
At time: 20.0, node 0 map has total uncertainty of 54.65
At time: 20.0, node 2 map has a total of 51 cell abouve threshold
At time: 20.0, the node 2 has 49.0 unvisited cells
At time: 20.0, node 5 map has total uncertainty of 54.65
At time: 20.0, node 1 map has a total of 52 cell abouve threshold
At time: 20.0, the node 1 has 48.0 unvisited cells
At time: 20.0, node 3 map has a total of 52 cell abouve threshold
At time: 20.0, the node 3 has 48.0 unvisited cells
At time: 20.0, node 5 map has a total of 51 cell abouve threshold
At time: 20.0, the node 5 has 49.0 unvisited cells
At time: 20.0, node 4 map has total uncertainty of 57.89999999999999
At time: 20.0, node 0 map has a total of 52 cell abouve threshold
At time: 20.0, the node 0 has 48.0 unvisited cells
At time: 20.5, node 2 map has total uncertainty of 58.05
At time: 20.5, node 2 map has total uncertainty of 58.0
At time: 20.5, node 1 map has total uncertainty of 58.349999999999994
At time: 20.5, node 4 map has total uncertainty of 57.849999999999994
At time: 20.5, node 3 map has total uncertainty of 58.5
At time: 20.5, node 0 map has total uncertainty of 57.349999999999994
At time: 20.5, node 0 map has total uncertainty of 57.3
At time: 20.5, node 5 map has total uncertainty of 58.05
At time: 21.0, node 0 map has total uncertainty of 57.3
At time: 21.0, node 2 map has total uncertainty of 58.0
At time: 21.0, node 4 map has total uncertainty of 57.849999999999994
At time: 21.0, node 4 map has total uncertainty of 57.849999999999994
At time: 21.0, node 1 map has total uncertainty of 57.199999999999996
At time: 21.0, node 3 map has total uncertainty of 57.199999999999996
At time: 21.0, node 5 map has total uncertainty of 57.95
At time: 21.5, node 4 map has total uncertainty of 57.8
At time: 21.5, node 0 map has total uncertainty of 57.199999999999996
At time: 21.5, node 1 map has total uncertainty of 57.05
At time: 21.5, node 3 map has total uncertainty of 57.199999999999996
At time: 21.5, node 5 map has total uncertainty of 57.95
At time: 22.0, node 3 map has total uncertainty of 57.199999999999996
At time: 22.0, node 2 map has total uncertainty of 56.8
At time: 22.0, node 0 map has total uncertainty of 57.199999999999996
At time: 22.0, node 4 map has total uncertainty of 56.64999999999999
At time: 22.0, node 1 map has total uncertainty of 55.9
At time: 22.0, node 5 map has total uncertainty of 56.8
At time: 22.5, node 5 map has total uncertainty of 55.65
At time: 22.5, node 5 map has total uncertainty of 55.65
At time: 22.5, node 3 map has total uncertainty of 57.14999999999999
At time: 22.5, node 0 map has total uncertainty of 56.0
At time: 22.5, node 1 map has total uncertainty of 55.9
At time: 22.5, node 2 map has total uncertainty of 56.8
At time: 22.5, node 4 map has total uncertainty of 56.64999999999999
At time: 22.5, node 4 map has total uncertainty of 56.64999999999999
At time: 23.0, node 2 map has total uncertainty of 56.75
At time: 23.0, node 5 map has total uncertainty of 55.65
At time: 23.0, node 0 map has total uncertainty of 56.0
At time: 23.0, node 3 map has total uncertainty of 57.14999999999999
At time: 23.0, node 1 map has total uncertainty of 55.9
At time: 23.0, node 4 map has total uncertainty of 54.3
At time: 23.5, node 5 map has total uncertainty of 53.3
At time: 23.5, node 5 map has total uncertainty of 53.3
At time: 23.5, node 0 map has total uncertainty of 56.0
At time: 23.5, node 2 map has total uncertainty of 54.45
At time: 23.5, node 1 map has total uncertainty of 55.9
At time: 23.5, node 4 map has total uncertainty of 54.3
At time: 24.0, node 1 map has total uncertainty of 55.9
At time: 24.0, node 5 map has total uncertainty of 53.3
At time: 24.0, node 2 map has total uncertainty of 54.45
At time: 24.0, node 0 map has total uncertainty of 56.0
At time: 24.0, node 3 map has total uncertainty of 54.599999999999994
At time: 24.0, node 4 map has total uncertainty of 53.099999999999994
At time: 24.5, node 2 map has total uncertainty of 53.25
At time: 24.5, node 1 map has total uncertainty of 53.3
At time: 24.5, node 1 map has total uncertainty of 53.3
At time: 24.5, node 5 map has total uncertainty of 53.25
At time: 24.5, node 0 map has total uncertainty of 53.39999999999999
At time: 24.5, node 0 map has total uncertainty of 53.39999999999999
At time: 24.5, node 3 map has total uncertainty of 52.3
At time: 25.0, node 5 map has total uncertainty of 53.25
At time: 25.0, node 1 map has total uncertainty of 53.3
At time: 25.0, node 4 map has total uncertainty of 53.099999999999994
At time: 25.0, node 2 map has total uncertainty of 53.25
At time: 25.0, node 3 map has total uncertainty of 52.25
At time: 25.0, node 3 map has total uncertainty of 52.25
At time: 25.0, node 0 map has total uncertainty of 53.39999999999999
At time: 25.5, node 0 map has total uncertainty of 52.24999999999999
At time: 25.5, node 0 map has total uncertainty of 52.24999999999999
At time: 25.5, node 5 map has total uncertainty of 52.099999999999994
At time: 25.5, node 5 map has total uncertainty of 52.099999999999994
At time: 25.5, node 2 map has total uncertainty of 52.05
At time: 25.5, node 2 map has total uncertainty of 52.05
At time: 25.5, node 4 map has total uncertainty of 53.099999999999994
At time: 25.5, node 3 map has total uncertainty of 52.25
At time: 26.0, node 4 map has total uncertainty of 53.099999999999994
At time: 26.0, node 0 map has total uncertainty of 52.24999999999999
At time: 26.0, node 1 map has total uncertainty of 53.25
At time: 26.0, node 5 map has total uncertainty of 52.099999999999994
At time: 26.0, node 2 map has total uncertainty of 52.05
At time: 26.0, node 3 map has total uncertainty of 52.2
At time: 26.5, node 0 map has total uncertainty of 52.199999999999996
At time: 26.5, node 1 map has total uncertainty of 50.849999999999994
At time: 26.5, node 4 map has total uncertainty of 50.75
At time: 26.5, node 4 map has total uncertainty of 50.75
At time: 26.5, node 2 map has total uncertainty of 50.9
At time: 26.5, node 5 map has total uncertainty of 50.89999999999999
At time: 27.0, node 5 map has total uncertainty of 49.75
At time: 27.0, node 4 map has total uncertainty of 50.75
At time: 27.0, node 1 map has total uncertainty of 50.849999999999994
At time: 27.0, node 1 map has total uncertainty of 50.849999999999994
At time: 27.0, node 2 map has total uncertainty of 50.9
At time: 27.0, node 3 map has total uncertainty of 52.2
At time: 27.0, node 0 map has total uncertainty of 50.95
At time: 27.5, node 5 map has total uncertainty of 49.75
At time: 27.5, node 4 map has total uncertainty of 49.599999999999994
At time: 27.5, node 3 map has total uncertainty of 51.05
At time: 27.5, node 2 map has total uncertainty of 50.9
At time: 27.5, node 0 map has total uncertainty of 50.95
At time: 27.5, node 1 map has total uncertainty of 50.849999999999994
At time: 28.0, node 0 map has total uncertainty of 50.95
At time: 28.0, node 3 map has total uncertainty of 51.05
At time: 28.0, node 2 map has total uncertainty of 50.9
At time: 28.0, node 1 map has total uncertainty of 50.849999999999994
At time: 28.0, node 5 map has total uncertainty of 49.75
At time: 28.5, node 5 map has total uncertainty of 48.599999999999994
At time: 28.5, node 5 map has total uncertainty of 48.599999999999994
At time: 28.5, node 3 map has total uncertainty of 49.89999999999999
At time: 28.5, node 1 map has total uncertainty of 50.849999999999994
At time: 28.5, node 2 map has total uncertainty of 50.9
At time: 28.5, node 0 map has total uncertainty of 49.8
At time: 28.5, node 0 map has total uncertainty of 49.8
At time: 28.5, node 4 map has total uncertainty of 48.449999999999996
At time: 29.0, node 4 map has total uncertainty of 48.449999999999996
At time: 29.0, node 5 map has total uncertainty of 48.599999999999994
At time: 29.0, node 3 map has total uncertainty of 49.89999999999999
At time: 29.0, node 0 map has total uncertainty of 49.8
At time: 29.0, node 1 map has total uncertainty of 47.39999999999999
At time: 29.0, node 2 map has total uncertainty of 48.55
At time: 29.5, node 4 map has total uncertainty of 47.25
At time: 29.5, node 2 map has total uncertainty of 48.55
At time: 29.5, node 1 map has total uncertainty of 47.349999999999994
At time: 29.5, node 3 map has total uncertainty of 47.5
At time: 29.5, node 0 map has total uncertainty of 47.5
At time: 29.5, node 5 map has total uncertainty of 48.599999999999994
At time: 30.0, node 4 map has total uncertainty of 47.25
At time: 30.0, node 1 map has total uncertainty of 47.349999999999994
At time: 30.0, node 3 map has total uncertainty of 47.5
At time: 30.0, node 0 map has total uncertainty of 47.449999999999996
At time: 30.0, node 2 map has a total of 60 cell abouve threshold
At time: 30.0, the node 2 has 40.0 unvisited cells
At time: 30.0, node 5 map has a total of 61 cell abouve threshold
At time: 30.0, the node 5 has 39.0 unvisited cells
At time: 30.0, node 1 map has a total of 61 cell abouve threshold
At time: 30.0, the node 1 has 39.0 unvisited cells
At time: 30.0, node 3 map has a total of 61 cell abouve threshold
At time: 30.0, the node 3 has 39.0 unvisited cells
At time: 30.0, node 5 map has total uncertainty of 52.35
At time: 30.0, node 0 map has a total of 61 cell abouve threshold
At time: 30.0, the node 0 has 39.0 unvisited cells
At time: 30.0, node 4 map has a total of 61 cell abouve threshold
At time: 30.0, the node 4 has 39.0 unvisited cells
At time: 30.5, node 0 map has total uncertainty of 52.4
At time: 30.5, node 0 map has total uncertainty of 52.349999999999994
At time: 30.5, node 4 map has total uncertainty of 51.050000000000004
At time: 30.5, node 4 map has total uncertainty of 51.00000000000001
At time: 30.5, node 1 map has total uncertainty of 52.300000000000004
At time: 30.5, node 5 map has total uncertainty of 51.15
At time: 30.5, node 5 map has total uncertainty of 51.15
At time: 30.5, node 2 map has total uncertainty of 52.3
At time: 31.0, node 2 map has total uncertainty of 52.3
At time: 31.0, node 0 map has total uncertainty of 52.349999999999994
At time: 31.0, node 4 map has total uncertainty of 51.00000000000001
At time: 31.0, node 5 map has total uncertainty of 51.15
At time: 31.0, node 1 map has total uncertainty of 52.25
At time: 31.0, node 3 map has total uncertainty of 49.85
At time: 31.5, node 3 map has total uncertainty of 49.75
At time: 31.5, node 2 map has total uncertainty of 51.05
At time: 31.5, node 1 map has total uncertainty of 52.25
At time: 31.5, node 5 map has total uncertainty of 51.050000000000004
At time: 31.5, node 4 map has total uncertainty of 50.9
At time: 31.5, node 4 map has total uncertainty of 50.9
At time: 32.0, node 0 map has total uncertainty of 48.65
At time: 32.0, node 3 map has total uncertainty of 49.75
At time: 32.0, node 2 map has total uncertainty of 50.949999999999996
At time: 32.0, node 4 map has total uncertainty of 50.9
At time: 32.0, node 1 map has total uncertainty of 48.55
At time: 32.0, node 5 map has total uncertainty of 49.85
At time: 32.0, node 5 map has total uncertainty of 49.85
At time: 32.5, node 5 map has total uncertainty of 49.85
At time: 32.5, node 2 map has total uncertainty of 49.6
At time: 32.5, node 1 map has total uncertainty of 48.55
At time: 32.5, node 4 map has total uncertainty of 49.7
At time: 32.5, node 0 map has total uncertainty of 48.65
At time: 32.5, node 3 map has total uncertainty of 49.75
At time: 33.0, node 0 map has total uncertainty of 47.449999999999996
At time: 33.0, node 5 map has total uncertainty of 48.65
At time: 33.0, node 1 map has total uncertainty of 48.55
At time: 33.0, node 2 map has total uncertainty of 49.5
At time: 33.0, node 4 map has total uncertainty of 48.5
At time: 33.5, node 3 map has total uncertainty of 47.050000000000004
At time: 33.5, node 0 map has total uncertainty of 46.0
At time: 33.5, node 1 map has total uncertainty of 47.00000000000001
At time: 33.5, node 4 map has total uncertainty of 48.5
At time: 33.5, node 5 map has total uncertainty of 48.65
At time: 33.5, node 2 map has total uncertainty of 47.099999999999994
At time: 34.0, node 5 map has total uncertainty of 48.65
At time: 34.0, node 3 map has total uncertainty of 47.050000000000004
At time: 34.0, node 1 map has total uncertainty of 47.00000000000001
At time: 34.0, node 0 map has total uncertainty of 46.0
At time: 34.0, node 4 map has total uncertainty of 48.5
At time: 34.0, node 2 map has total uncertainty of 47.099999999999994
At time: 34.5, node 5 map has total uncertainty of 48.65
At time: 34.5, node 5 map has total uncertainty of 48.65
At time: 34.5, node 0 map has total uncertainty of 45.9
At time: 34.5, node 2 map has total uncertainty of 46.949999999999996
At time: 34.5, node 3 map has total uncertainty of 46.95
At time: 34.5, node 4 map has total uncertainty of 48.5
At time: 34.5, node 1 map has total uncertainty of 45.800000000000004
At time: 35.0, node 3 map has total uncertainty of 46.95
At time: 35.0, node 2 map has total uncertainty of 46.8
At time: 35.0, node 5 map has total uncertainty of 48.65
At time: 35.0, node 0 map has total uncertainty of 45.9
At time: 35.0, node 1 map has total uncertainty of 45.800000000000004
At time: 35.0, node 4 map has total uncertainty of 44.300000000000004
At time: 35.5, node 5 map has total uncertainty of 43.300000000000004
At time: 35.5, node 5 map has total uncertainty of 43.300000000000004
At time: 35.5, node 1 map has total uncertainty of 45.800000000000004
At time: 35.5, node 1 map has total uncertainty of 45.800000000000004
At time: 35.5, node 3 map has total uncertainty of 44.400000000000006
At time: 35.5, node 4 map has total uncertainty of 44.300000000000004
At time: 35.5, node 2 map has total uncertainty of 44.3
At time: 35.5, node 0 map has total uncertainty of 45.9
At time: 35.5, node 0 map has total uncertainty of 45.9
At time: 36.0, node 2 map has total uncertainty of 44.199999999999996
At time: 36.0, node 5 map has total uncertainty of 43.300000000000004
At time: 36.0, node 3 map has total uncertainty of 44.25000000000001
At time: 36.0, node 1 map has total uncertainty of 45.800000000000004
At time: 36.0, node 4 map has total uncertainty of 43.1
At time: 36.0, node 0 map has total uncertainty of 45.9
At time: 36.5, node 1 map has total uncertainty of 45.800000000000004
At time: 36.5, node 5 map has total uncertainty of 43.00000000000001
At time: 36.5, node 3 map has total uncertainty of 42.95
At time: 36.5, node 2 map has total uncertainty of 42.85
At time: 36.5, node 4 map has total uncertainty of 42.949999999999996
At time: 36.5, node 0 map has total uncertainty of 44.699999999999996
At time: 37.0, node 4 map has total uncertainty of 42.949999999999996
At time: 37.0, node 3 map has total uncertainty of 42.85
At time: 37.0, node 3 map has total uncertainty of 42.85
At time: 37.0, node 5 map has total uncertainty of 43.00000000000001
At time: 37.0, node 2 map has total uncertainty of 42.7
At time: 37.0, node 0 map has total uncertainty of 44.699999999999996
At time: 37.0, node 1 map has total uncertainty of 40.15
At time: 37.0, node 1 map has total uncertainty of 40.050000000000004
At time: 37.5, node 3 map has total uncertainty of 42.7
At time: 37.5, node 2 map has total uncertainty of 39.9
At time: 37.5, node 2 map has total uncertainty of 39.9
At time: 37.5, node 0 map has total uncertainty of 39.25
At time: 37.5, node 0 map has total uncertainty of 39.25
At time: 37.5, node 5 map has total uncertainty of 42.650000000000006
At time: 37.5, node 4 map has total uncertainty of 42.75000000000001
At time: 38.0, node 5 map has total uncertainty of 42.650000000000006
At time: 38.0, node 0 map has total uncertainty of 39.25
At time: 38.0, node 2 map has total uncertainty of 39.8
At time: 38.0, node 2 map has total uncertainty of 39.8
At time: 38.0, node 1 map has total uncertainty of 40.050000000000004
At time: 38.0, node 4 map has total uncertainty of 42.6
At time: 38.0, node 3 map has total uncertainty of 39.9
At time: 38.5, node 2 map has total uncertainty of 39.8
At time: 38.5, node 0 map has total uncertainty of 38.7
At time: 38.5, node 4 map has total uncertainty of 41.400000000000006
At time: 38.5, node 4 map has total uncertainty of 41.400000000000006
At time: 38.5, node 1 map has total uncertainty of 38.65
At time: 38.5, node 1 map has total uncertainty of 38.65
At time: 38.5, node 3 map has total uncertainty of 39.9
At time: 38.5, node 5 map has total uncertainty of 41.45
At time: 38.5, node 5 map has total uncertainty of 41.45
At time: 39.0, node 3 map has total uncertainty of 39.9
At time: 39.0, node 4 map has total uncertainty of 41.400000000000006
At time: 39.0, node 0 map has total uncertainty of 38.7
At time: 39.0, node 1 map has total uncertainty of 38.65
At time: 39.0, node 5 map has total uncertainty of 41.45
At time: 39.0, node 2 map has total uncertainty of 38.599999999999994
At time: 39.5, node 5 map has total uncertainty of 38.65
At time: 39.5, node 5 map has total uncertainty of 38.65
At time: 39.5, node 4 map has total uncertainty of 38.6
At time: 39.5, node 4 map has total uncertainty of 38.6
At time: 39.5, node 0 map has total uncertainty of 38.7
At time: 39.5, node 2 map has total uncertainty of 38.599999999999994
At time: 39.5, node 1 map has total uncertainty of 38.65
At time: 40.0, node 5 map has total uncertainty of 38.65
At time: 40.0, node 0 map has total uncertainty of 38.7
At time: 40.0, node 4 map has a total of 71 cell abouve threshold
At time: 40.0, the node 4 has 29.0 unvisited cells
At time: 40.0, node 4 map has total uncertainty of 43.54999999999999
At time: 40.0, node 1 map has a total of 71 cell abouve threshold
At time: 40.0, the node 1 has 29.0 unvisited cells
At time: 40.0, node 2 map has total uncertainty of 38.599999999999994
At time: 40.0, node 3 map has total uncertainty of 38.7
At time: 40.0, node 5 map has a total of 71 cell abouve threshold
At time: 40.0, the node 5 has 29.0 unvisited cells
At time: 40.0, node 0 map has a total of 71 cell abouve threshold
At time: 40.0, the node 0 has 29.0 unvisited cells
At time: 40.0, node 1 map has total uncertainty of 43.599999999999994
At time: 40.0, node 2 map has a total of 71 cell abouve threshold
At time: 40.0, the node 2 has 29.0 unvisited cells
At time: 40.0, node 3 map has a total of 71 cell abouve threshold
At time: 40.0, the node 3 has 29.0 unvisited cells
At time: 40.5, node 0 map has total uncertainty of 42.44999999999999
At time: 40.5, node 0 map has total uncertainty of 42.39999999999999
At time: 40.5, node 1 map has total uncertainty of 43.599999999999994
At time: 40.5, node 1 map has total uncertainty of 43.55
At time: 40.5, node 4 map has total uncertainty of 43.54999999999999
At time: 40.5, node 2 map has total uncertainty of 43.39999999999999
At time: 40.5, node 3 map has total uncertainty of 43.64999999999999
At time: 40.5, node 3 map has total uncertainty of 43.599999999999994
At time: 41.0, node 2 map has total uncertainty of 43.39999999999999
At time: 41.0, node 1 map has total uncertainty of 43.55
At time: 41.0, node 0 map has total uncertainty of 42.39999999999999
At time: 41.0, node 4 map has total uncertainty of 42.29999999999999
At time: 41.0, node 4 map has total uncertainty of 42.249999999999986
At time: 41.0, node 3 map has total uncertainty of 43.599999999999994
At time: 41.0, node 5 map has total uncertainty of 42.349999999999994
At time: 41.5, node 2 map has total uncertainty of 40.74999999999999
At time: 41.5, node 3 map has total uncertainty of 40.64999999999999
At time: 41.5, node 4 map has total uncertainty of 42.249999999999986
At time: 41.5, node 5 map has total uncertainty of 42.349999999999994
At time: 41.5, node 0 map has total uncertainty of 39.599999999999994
At time: 41.5, node 0 map has total uncertainty of 39.599999999999994
At time: 42.0, node 5 map has total uncertainty of 41.099999999999994
At time: 42.0, node 2 map has total uncertainty of 40.74999999999999
At time: 42.0, node 3 map has total uncertainty of 40.599999999999994
At time: 42.0, node 1 map has total uncertainty of 40.79999999999999
At time: 42.0, node 4 map has total uncertainty of 40.999999999999986
At time: 42.0, node 0 map has total uncertainty of 39.599999999999994
At time: 42.5, node 2 map has total uncertainty of 40.349999999999994
At time: 42.5, node 2 map has total uncertainty of 40.349999999999994
At time: 42.5, node 3 map has total uncertainty of 40.599999999999994
At time: 42.5, node 5 map has total uncertainty of 41.04999999999999
At time: 42.5, node 4 map has total uncertainty of 40.999999999999986
At time: 42.5, node 1 map has total uncertainty of 39.54999999999999
At time: 42.5, node 0 map has total uncertainty of 39.599999999999994
At time: 43.0, node 0 map has total uncertainty of 39.599999999999994
At time: 43.0, node 2 map has total uncertainty of 40.349999999999994
At time: 43.0, node 3 map has total uncertainty of 40.599999999999994
At time: 43.0, node 1 map has total uncertainty of 39.54999999999999
At time: 43.0, node 5 map has total uncertainty of 37.94999999999999
At time: 43.0, node 4 map has total uncertainty of 37.89999999999999
At time: 43.5, node 5 map has total uncertainty of 36.69999999999999
At time: 43.5, node 3 map has total uncertainty of 37.849999999999994
At time: 43.5, node 3 map has total uncertainty of 37.849999999999994
At time: 43.5, node 1 map has total uncertainty of 39.54999999999999
At time: 43.5, node 4 map has total uncertainty of 36.64999999999999
At time: 43.5, node 0 map has total uncertainty of 39.599999999999994
At time: 43.5, node 2 map has total uncertainty of 40.349999999999994
At time: 44.0, node 0 map has total uncertainty of 39.599999999999994
At time: 44.0, node 1 map has total uncertainty of 39.54999999999999
At time: 44.0, node 3 map has total uncertainty of 37.849999999999994
At time: 44.0, node 4 map has total uncertainty of 36.64999999999999
At time: 44.0, node 2 map has total uncertainty of 40.349999999999994
At time: 44.0, node 5 map has total uncertainty of 36.54999999999999
At time: 44.5, node 1 map has total uncertainty of 39.54999999999999
At time: 44.5, node 1 map has total uncertainty of 39.39999999999999
At time: 44.5, node 2 map has total uncertainty of 40.19999999999999
At time: 44.5, node 4 map has total uncertainty of 36.499999999999986
At time: 44.5, node 5 map has total uncertainty of 36.54999999999999
At time: 44.5, node 0 map has total uncertainty of 38.349999999999994
At time: 44.5, node 0 map has total uncertainty of 38.349999999999994
At time: 45.0, node 3 map has total uncertainty of 36.599999999999994
At time: 45.0, node 2 map has total uncertainty of 40.19999999999999
At time: 45.0, node 4 map has total uncertainty of 36.499999999999986
At time: 45.0, node 1 map has total uncertainty of 37.59999999999999
At time: 45.0, node 5 map has total uncertainty of 36.54999999999999
At time: 45.0, node 0 map has total uncertainty of 38.349999999999994
At time: 45.5, node 2 map has total uncertainty of 37.39999999999999
At time: 45.5, node 2 map has total uncertainty of 37.39999999999999
At time: 45.5, node 4 map has total uncertainty of 35.249999999999986
At time: 45.5, node 4 map has total uncertainty of 35.249999999999986
At time: 45.5, node 5 map has total uncertainty of 35.29999999999999
At time: 45.5, node 5 map has total uncertainty of 35.29999999999999
At time: 45.5, node 3 map has total uncertainty of 36.599999999999994
At time: 45.5, node 0 map has total uncertainty of 37.64999999999999
At time: 45.5, node 0 map has total uncertainty of 37.499999999999986
At time: 46.0, node 1 map has total uncertainty of 37.44999999999999
At time: 46.0, node 2 map has total uncertainty of 37.19999999999999
At time: 46.0, node 4 map has total uncertainty of 35.249999999999986
At time: 46.0, node 3 map has total uncertainty of 36.599999999999994
At time: 46.0, node 5 map has total uncertainty of 31.849999999999998
At time: 46.0, node 0 map has total uncertainty of 37.499999999999986
At time: 46.5, node 2 map has total uncertainty of 31.8
At time: 46.5, node 4 map has total uncertainty of 30.549999999999997
At time: 46.5, node 4 map has total uncertainty of 30.549999999999997
At time: 46.5, node 1 map has total uncertainty of 36.94999999999999
At time: 46.5, node 3 map has total uncertainty of 31.9
At time: 46.5, node 5 map has total uncertainty of 31.849999999999998
At time: 46.5, node 0 map has total uncertainty of 31.9
At time: 46.5, node 0 map has total uncertainty of 31.749999999999996
At time: 47.0, node 5 map has total uncertainty of 30.599999999999998
At time: 47.0, node 5 map has total uncertainty of 30.599999999999998
At time: 47.0, node 2 map has total uncertainty of 31.6
At time: 47.0, node 1 map has total uncertainty of 36.79999999999999
At time: 47.0, node 4 map has total uncertainty of 30.549999999999997
At time: 47.0, node 3 map has total uncertainty of 31.9
At time: 47.0, node 0 map has total uncertainty of 31.749999999999996
At time: 47.5, node 4 map has total uncertainty of 29.299999999999997
At time: 47.5, node 2 map has total uncertainty of 31.45
At time: 47.5, node 1 map has total uncertainty of 31.499999999999996
At time: 47.5, node 1 map has total uncertainty of 31.499999999999996
At time: 47.5, node 5 map has total uncertainty of 29.349999999999994
At time: 47.5, node 3 map has total uncertainty of 29.399999999999995
At time: 47.5, node 3 map has total uncertainty of 29.399999999999995
At time: 48.0, node 3 map has total uncertainty of 29.399999999999995
At time: 48.0, node 1 map has total uncertainty of 30.25
At time: 48.0, node 1 map has total uncertainty of 30.25
At time: 48.0, node 2 map has total uncertainty of 30.200000000000003
At time: 48.0, node 5 map has total uncertainty of 29.349999999999994
At time: 48.0, node 0 map has total uncertainty of 30.299999999999997
At time: 48.0, node 4 map has total uncertainty of 29.299999999999997
At time: 48.5, node 5 map has total uncertainty of 28.099999999999994
At time: 48.5, node 0 map has total uncertainty of 30.299999999999997
At time: 48.5, node 4 map has total uncertainty of 28.049999999999997
At time: 48.5, node 2 map has total uncertainty of 30.200000000000003
At time: 48.5, node 1 map has total uncertainty of 30.25
At time: 49.0, node 2 map has total uncertainty of 30.200000000000003
At time: 49.0, node 0 map has total uncertainty of 29.049999999999997
At time: 49.0, node 3 map has total uncertainty of 29.399999999999995
At time: 49.0, node 3 map has total uncertainty of 29.399999999999995
At time: 49.0, node 4 map has total uncertainty of 26.799999999999997
At time: 49.0, node 1 map has total uncertainty of 29.0
At time: 49.0, node 5 map has total uncertainty of 22.75
At time: 49.5, node 0 map has total uncertainty of 25.299999999999997
At time: 49.5, node 2 map has total uncertainty of 25.2
At time: 49.5, node 1 map has total uncertainty of 25.249999999999996
At time: 49.5, node 4 map has total uncertainty of 24.299999999999997
At time: 49.5, node 5 map has total uncertainty of 21.5
At time: 50.0, node 0 map has total uncertainty of 24.049999999999997
At time: 50.0, node 1 map has total uncertainty of 24.0
At time: 50.0, node 3 map has a total of 86 cell abouve threshold
At time: 50.0, the node 3 has 14.0 unvisited cells
At time: 50.0, node 2 map has total uncertainty of 20.2
At time: 50.0, node 2 map has total uncertainty of 20.2
At time: 50.0, node 4 map has total uncertainty of 24.299999999999997
At time: 50.0, node 2 map has a total of 88 cell abouve threshold
At time: 50.0, the node 2 has 12.0 unvisited cells
At time: 50.0, node 4 map has a total of 85 cell abouve threshold
At time: 50.0, the node 4 has 15.0 unvisited cells
At time: 50.0, node 3 map has total uncertainty of 27.749999999999996
At time: 50.0, node 1 map has a total of 85 cell abouve threshold
At time: 50.0, the node 1 has 15.0 unvisited cells
At time: 50.0, node 5 map has a total of 87 cell abouve threshold
At time: 50.0, the node 5 has 13.0 unvisited cells
At time: 50.0, node 0 map has a total of 85 cell abouve threshold
At time: 50.0, the node 0 has 15.0 unvisited cells
At time: 50.0, node 5 map has total uncertainty of 26.449999999999996
At time: 50.5, node 3 map has total uncertainty of 25.2
At time: 50.5, node 0 map has total uncertainty of 25.2
At time: 50.5, node 0 map has total uncertainty of 23.9
At time: 50.5, node 5 map has total uncertainty of 25.149999999999995
At time: 50.5, node 2 map has total uncertainty of 25.149999999999995
At time: 50.5, node 4 map has total uncertainty of 29.249999999999996
At time: 50.5, node 1 map has total uncertainty of 23.9
At time: 51.0, node 4 map has total uncertainty of 29.2
At time: 51.0, node 4 map has total uncertainty of 29.15
At time: 51.0, node 3 map has total uncertainty of 25.2
At time: 51.0, node 0 map has total uncertainty of 23.9
At time: 51.0, node 2 map has total uncertainty of 22.299999999999997
At time: 51.0, node 5 map has total uncertainty of 22.3
At time: 51.0, node 1 map has total uncertainty of 22.349999999999998
At time: 51.5, node 4 map has total uncertainty of 22.25
At time: 51.5, node 3 map has total uncertainty of 22.349999999999998
At time: 51.5, node 0 map has total uncertainty of 22.349999999999998
At time: 51.5, node 0 map has total uncertainty of 21.05
At time: 51.5, node 5 map has total uncertainty of 22.3
At time: 51.5, node 2 map has total uncertainty of 22.049999999999997
At time: 51.5, node 2 map has total uncertainty of 22.049999999999997
At time: 51.5, node 1 map has total uncertainty of 21.05
At time: 52.0, node 2 map has total uncertainty of 22.049999999999997
At time: 52.0, node 0 map has total uncertainty of 21.05
At time: 52.0, node 3 map has total uncertainty of 22.349999999999998
At time: 52.0, node 3 map has total uncertainty of 22.3
At time: 52.0, node 5 map has total uncertainty of 19.4
At time: 52.0, node 1 map has total uncertainty of 21.05
At time: 52.0, node 4 map has total uncertainty of 19.349999999999998
At time: 52.5, node 3 map has total uncertainty of 19.45
At time: 52.5, node 0 map has total uncertainty of 20.749999999999996
At time: 52.5, node 2 map has total uncertainty of 20.65
At time: 52.5, node 2 map has total uncertainty of 20.65
At time: 52.5, node 5 map has total uncertainty of 19.4
At time: 52.5, node 1 map has total uncertainty of 19.4
At time: 52.5, node 4 map has total uncertainty of 19.349999999999998
At time: 53.0, node 1 map has total uncertainty of 19.4
At time: 53.0, node 2 map has total uncertainty of 20.65
At time: 53.0, node 0 map has total uncertainty of 20.749999999999996
At time: 53.0, node 5 map has total uncertainty of 19.4
At time: 53.0, node 4 map has total uncertainty of 18.05
At time: 53.0, node 4 map has total uncertainty of 18.05
At time: 53.0, node 3 map has total uncertainty of 19.45
At time: 53.5, node 3 map has total uncertainty of 19.45
At time: 53.5, node 0 map has total uncertainty of 19.45
At time: 53.5, node 1 map has total uncertainty of 19.4
At time: 53.5, node 5 map has total uncertainty of 19.4
At time: 53.5, node 2 map has total uncertainty of 19.349999999999998
At time: 53.5, node 4 map has total uncertainty of 18.05
At time: 54.0, node 2 map has total uncertainty of 19.349999999999998
At time: 54.0, node 1 map has total uncertainty of 19.4
At time: 54.0, node 0 map has total uncertainty of 19.45
At time: 54.0, node 5 map has total uncertainty of 18.099999999999998
At time: 54.0, node 5 map has total uncertainty of 18.099999999999998
At time: 54.0, node 4 map has total uncertainty of 16.749999999999996
At time: 54.0, node 3 map has total uncertainty of 18.15
At time: 54.5, node 1 map has total uncertainty of 18.099999999999998
At time: 54.5, node 2 map has total uncertainty of 18.049999999999997
At time: 54.5, node 4 map has total uncertainty of 16.749999999999996
At time: 54.5, node 3 map has total uncertainty of 18.15
At time: 54.5, node 0 map has total uncertainty of 19.45
At time: 54.5, node 5 map has total uncertainty of 16.799999999999997
At time: 55.0, node 1 map has total uncertainty of 18.099999999999998
At time: 55.0, node 4 map has total uncertainty of 16.749999999999996
At time: 55.0, node 3 map has total uncertainty of 18.15
At time: 55.0, node 2 map has total uncertainty of 16.749999999999996
At time: 55.0, node 5 map has total uncertainty of 16.799999999999997
At time: 55.5, node 3 map has total uncertainty of 16.849999999999998
At time: 55.5, node 5 map has total uncertainty of 14.199999999999998
At time: 55.5, node 5 map has total uncertainty of 14.199999999999998
At time: 55.5, node 2 map has total uncertainty of 16.699999999999996
At time: 55.5, node 2 map has total uncertainty of 16.699999999999996
At time: 55.5, node 1 map has total uncertainty of 18.099999999999998
At time: 55.5, node 4 map has total uncertainty of 15.45
At time: 55.5, node 4 map has total uncertainty of 15.45
At time: 55.5, node 0 map has total uncertainty of 16.849999999999998
At time: 56.0, node 4 map has total uncertainty of 15.45
At time: 56.0, node 3 map has total uncertainty of 16.849999999999998
At time: 56.0, node 5 map has total uncertainty of 14.199999999999998
At time: 56.0, node 2 map has total uncertainty of 15.400000000000002
At time: 56.0, node 1 map has total uncertainty of 15.450000000000001
At time: 56.0, node 0 map has total uncertainty of 15.500000000000002
At time: 56.5, node 1 map has total uncertainty of 12.85
At time: 56.5, node 4 map has total uncertainty of 14.1
At time: 56.5, node 4 map has total uncertainty of 14.1
At time: 56.5, node 2 map has total uncertainty of 12.8
At time: 56.5, node 3 map has total uncertainty of 14.2
At time: 56.5, node 3 map has total uncertainty of 14.2
At time: 56.5, node 5 map has total uncertainty of 12.85
At time: 56.5, node 5 map has total uncertainty of 12.85
At time: 56.5, node 0 map has total uncertainty of 15.500000000000002
At time: 56.5, node 0 map has total uncertainty of 15.500000000000002
At time: 57.0, node 5 map has total uncertainty of 12.85
At time: 57.0, node 2 map has total uncertainty of 12.8
At time: 57.0, node 4 map has total uncertainty of 14.1
At time: 57.0, node 3 map has total uncertainty of 12.899999999999999
At time: 57.0, node 0 map has total uncertainty of 15.500000000000002
At time: 57.0, node 1 map has total uncertainty of 10.25
At time: 57.0, node 1 map has total uncertainty of 10.25
At time: 57.5, node 5 map has total uncertainty of 11.549999999999999
At time: 57.5, node 5 map has total uncertainty of 11.549999999999999
At time: 57.5, node 2 map has total uncertainty of 10.200000000000001
At time: 57.5, node 2 map has total uncertainty of 10.200000000000001
At time: 57.5, node 0 map has total uncertainty of 11.6
At time: 57.5, node 0 map has total uncertainty of 11.6
At time: 57.5, node 3 map has total uncertainty of 11.6
At time: 57.5, node 1 map has total uncertainty of 10.0
At time: 57.5, node 4 map has total uncertainty of 11.499999999999998
At time: 57.5, node 4 map has total uncertainty of 11.499999999999998
At time: 58.0, node 1 map has total uncertainty of 10.0
At time: 58.0, node 5 map has total uncertainty of 11.549999999999999
At time: 58.0, node 0 map has total uncertainty of 11.6
At time: 58.0, node 2 map has total uncertainty of 10.200000000000001
At time: 58.0, node 3 map has total uncertainty of 10.299999999999999
At time: 58.0, node 4 map has total uncertainty of 10.2
At time: 58.5, node 4 map has total uncertainty of 10.2
At time: 58.5, node 1 map has total uncertainty of 10.0
At time: 58.5, node 1 map has total uncertainty of 9.95
At time: 58.5, node 0 map has total uncertainty of 10.049999999999999
At time: 58.5, node 5 map has total uncertainty of 10.0
At time: 58.5, node 5 map has total uncertainty of 10.0
At time: 58.5, node 3 map has total uncertainty of 10.299999999999999
At time: 59.0, node 3 map has total uncertainty of 10.299999999999999
At time: 59.0, node 3 map has total uncertainty of 10.299999999999999
At time: 59.0, node 4 map has total uncertainty of 10.2
At time: 59.0, node 1 map has total uncertainty of 9.95
At time: 59.0, node 2 map has total uncertainty of 9.950000000000001
At time: 59.0, node 0 map has total uncertainty of 10.049999999999999
At time: 59.0, node 5 map has total uncertainty of 10.0
At time: 59.5, node 0 map has total uncertainty of 10.049999999999999
At time: 59.5, node 2 map has total uncertainty of 9.950000000000001
At time: 59.5, node 3 map has total uncertainty of 10.049999999999999
At time: 59.5, node 4 map has total uncertainty of 9.95
At time: 60.0, node 5 map has a total of 99 cell abouve threshold
At time: 60.0, the node 5 has 1.0 unvisited cells
At time: 60.0, node 5 map has total uncertainty of 14.95
At time: 60.0, node 0 map has total uncertainty of 10.049999999999999
At time: 60.0, node 0 map has a total of 99 cell abouve threshold
At time: 60.0, the node 0 has 1.0 unvisited cells
At time: 60.0, node 1 map has total uncertainty of 9.75
At time: 60.0, node 1 map has total uncertainty of 9.7
At time: 60.0, node 4 map has a total of 99 cell abouve threshold
At time: 60.0, the node 4 has 1.0 unvisited cells
At time: 60.0, node 2 map has total uncertainty of 9.950000000000001
At time: 60.0, node 2 map has a total of 99 cell abouve threshold
At time: 60.0, the node 2 has 1.0 unvisited cells
At time: 60.0, node 3 map has total uncertainty of 10.049999999999999
At time: 60.0, node 1 map has a total of 99 cell abouve threshold
At time: 60.0, the node 1 has 1.0 unvisited cells
At time: 60.0, node 3 map has a total of 99 cell abouve threshold
At time: 60.0, the node 3 has 1.0 unvisited cells
At time: 60.0, node 4 map has total uncertainty of 14.9
At time: 60.5, node 0 map has total uncertainty of 14.799999999999999
At time: 60.5, node 0 map has total uncertainty of 14.75
At time: 60.5, node 5 map has total uncertainty of 14.9
At time: 60.5, node 4 map has total uncertainty of 14.9
At time: 60.5, node 2 map has total uncertainty of 14.85
At time: 60.5, node 1 map has total uncertainty of 14.65
At time: 60.5, node 3 map has total uncertainty of 14.9
At time: 61.0, node 1 map has total uncertainty of 14.55
At time: 61.0, node 0 map has total uncertainty of 14.75
At time: 61.0, node 5 map has total uncertainty of 14.850000000000001
At time: 61.0, node 2 map has total uncertainty of 14.8
At time: 61.0, node 3 map has total uncertainty of 14.650000000000002
At time: 61.5, node 4 map has total uncertainty of 13.45
At time: 61.5, node 0 map has total uncertainty of 14.55
At time: 61.5, node 1 map has total uncertainty of 14.55
At time: 61.5, node 2 map has total uncertainty of 14.55
At time: 61.5, node 5 map has total uncertainty of 14.650000000000002
At time: 61.5, node 3 map has total uncertainty of 14.650000000000002
At time: 62.0, node 5 map has total uncertainty of 14.650000000000002
At time: 62.0, node 5 map has total uncertainty of 14.600000000000001
At time: 62.0, node 1 map has total uncertainty of 14.45
At time: 62.0, node 0 map has total uncertainty of 14.55
At time: 62.0, node 2 map has total uncertainty of 14.5
At time: 62.0, node 3 map has total uncertainty of 14.450000000000001
At time: 62.0, node 4 map has total uncertainty of 13.149999999999999
At time: 62.5, node 5 map has total uncertainty of 13.2
At time: 62.5, node 4 map has total uncertainty of 13.149999999999999
At time: 62.5, node 3 map has total uncertainty of 14.4
At time: 62.5, node 1 map has total uncertainty of 14.45
At time: 62.5, node 0 map has total uncertainty of 14.350000000000001
At time: 62.5, node 2 map has total uncertainty of 13.149999999999999
At time: 63.0, node 0 map has total uncertainty of 14.350000000000001
At time: 63.0, node 3 map has total uncertainty of 14.4
At time: 63.0, node 3 map has total uncertainty of 14.35
At time: 63.0, node 4 map has total uncertainty of 13.049999999999999
At time: 63.0, node 4 map has total uncertainty of 12.95
At time: 63.0, node 1 map has total uncertainty of 14.3
At time: 63.0, node 5 map has total uncertainty of 13.2
At time: 63.5, node 0 map has total uncertainty of 14.2
At time: 63.5, node 3 map has total uncertainty of 14.35
At time: 63.5, node 2 map has total uncertainty of 12.849999999999998
At time: 63.5, node 1 map has total uncertainty of 14.149999999999999
At time: 63.5, node 5 map has total uncertainty of 13.0
At time: 63.5, node 4 map has total uncertainty of 12.95
At time: 63.5, node 4 map has total uncertainty of 12.95
At time: 64.0, node 5 map has total uncertainty of 13.0
At time: 64.0, node 0 map has total uncertainty of 14.2
At time: 64.0, node 2 map has total uncertainty of 12.849999999999998
At time: 64.0, node 2 map has total uncertainty of 12.749999999999998
At time: 64.0, node 3 map has total uncertainty of 14.35
At time: 64.0, node 3 map has total uncertainty of 14.3
At time: 64.0, node 1 map has total uncertainty of 14.0
At time: 64.0, node 4 map has total uncertainty of 12.95
At time: 64.5, node 2 map has total uncertainty of 12.149999999999999
At time: 64.5, node 5 map has total uncertainty of 12.2
At time: 64.5, node 3 map has total uncertainty of 12.25
At time: 64.5, node 1 map has total uncertainty of 14.0
At time: 64.5, node 0 map has total uncertainty of 12.399999999999999
At time: 64.5, node 4 map has total uncertainty of 12.099999999999998
At time: 65.0, node 2 map has total uncertainty of 12.049999999999999
At time: 65.0, node 3 map has total uncertainty of 12.25
At time: 65.0, node 1 map has total uncertainty of 14.0
At time: 65.0, node 5 map has total uncertainty of 12.1
At time: 65.0, node 0 map has total uncertainty of 12.299999999999999
At time: 65.0, node 4 map has total uncertainty of 12.099999999999998
At time: 65.5, node 0 map has total uncertainty of 11.899999999999999
At time: 65.5, node 2 map has total uncertainty of 11.799999999999997
At time: 65.5, node 5 map has total uncertainty of 11.849999999999998
At time: 65.5, node 5 map has total uncertainty of 11.849999999999998
At time: 65.5, node 1 map has total uncertainty of 14.0
At time: 65.5, node 1 map has total uncertainty of 13.85
At time: 65.5, node 3 map has total uncertainty of 12.099999999999998
At time: 65.5, node 4 map has total uncertainty of 11.799999999999999
At time: 66.0, node 3 map has total uncertainty of 12.0
At time: 66.0, node 5 map has total uncertainty of 11.7
At time: 66.0, node 1 map has total uncertainty of 13.85
At time: 66.0, node 4 map has total uncertainty of 11.799999999999999
At time: 66.0, node 4 map has total uncertainty of 11.799999999999999
At time: 66.0, node 0 map has total uncertainty of 11.75
At time: 66.5, node 5 map has total uncertainty of 11.7
At time: 66.5, node 3 map has total uncertainty of 11.75
At time: 66.5, node 0 map has total uncertainty of 11.75
At time: 66.5, node 2 map has total uncertainty of 11.649999999999999
At time: 67.0, node 2 map has total uncertainty of 11.649999999999999
At time: 67.0, node 5 map has total uncertainty of 11.7
At time: 67.0, node 4 map has total uncertainty of 11.799999999999999
At time: 67.0, node 0 map has total uncertainty of 11.75
At time: 67.0, node 3 map has total uncertainty of 11.75
At time: 67.0, node 1 map has total uncertainty of 13.7
At time: 67.5, node 1 map has total uncertainty of 13.7
At time: 67.5, node 3 map has total uncertainty of 11.75
At time: 67.5, node 2 map has total uncertainty of 11.499999999999998
At time: 67.5, node 4 map has total uncertainty of 11.799999999999999
At time: 67.5, node 4 map has total uncertainty of 11.799999999999999
At time: 67.5, node 5 map has total uncertainty of 11.549999999999997
At time: 68.0, node 4 map has total uncertainty of 11.799999999999999
At time: 68.0, node 1 map has total uncertainty of 13.549999999999999
At time: 68.0, node 3 map has total uncertainty of 11.6
At time: 68.0, node 0 map has total uncertainty of 11.549999999999999
At time: 68.0, node 2 map has total uncertainty of 11.499999999999998
At time: 68.0, node 5 map has total uncertainty of 11.05
At time: 68.5, node 3 map has total uncertainty of 9.649999999999999
At time: 68.5, node 2 map has total uncertainty of 9.549999999999997
At time: 68.5, node 1 map has total uncertainty of 10.0
At time: 68.5, node 4 map has total uncertainty of 11.799999999999999
At time: 68.5, node 5 map has total uncertainty of 10.850000000000001
At time: 69.0, node 5 map has total uncertainty of 10.850000000000001
At time: 69.0, node 3 map has total uncertainty of 9.499999999999998
At time: 69.0, node 2 map has total uncertainty of 9.549999999999997
At time: 69.0, node 0 map has total uncertainty of 9.649999999999999
At time: 69.0, node 1 map has total uncertainty of 9.899999999999999
At time: 69.0, node 4 map has total uncertainty of 11.7
At time: 69.5, node 3 map has total uncertainty of 9.2
At time: 69.5, node 2 map has total uncertainty of 8.899999999999999
At time: 69.5, node 0 map has total uncertainty of 9.299999999999999
At time: 69.5, node 5 map has total uncertainty of 8.95
At time: 69.5, node 1 map has total uncertainty of 9.049999999999999
At time: 70.0, node 3 map has total uncertainty of 8.999999999999998
At time: 70.0, node 4 map has total uncertainty of 11.649999999999999
At time: 70.0, node 2 map has a total of 100 cell abouve threshold
At time: 70.0, the node 2 has 0.0 unvisited cells
At time: 70.0, node 5 map has a total of 100 cell abouve threshold
At time: 70.0, the node 5 has 0.0 unvisited cells
At time: 70.0, node 2 map has total uncertainty of 13.850000000000001
At time: 70.0, node 0 map has total uncertainty of 8.899999999999999
At time: 70.0, node 5 map has total uncertainty of 13.550000000000002
At time: 70.0, node 5 map has total uncertainty of 13.500000000000004
At time: 70.0, node 0 map has a total of 100 cell abouve threshold
At time: 70.0, the node 0 has 0.0 unvisited cells
At time: 70.0, node 4 map has a total of 100 cell abouve threshold
At time: 70.0, the node 4 has 0.0 unvisited cells
At time: 70.0, node 1 map has total uncertainty of 8.95
At time: 70.0, node 1 map has total uncertainty of 8.95
At time: 70.0, node 3 map has a total of 100 cell abouve threshold
At time: 70.0, the node 3 has 0.0 unvisited cells
At time: 70.0, node 1 map has a total of 100 cell abouve threshold
At time: 70.0, the node 1 has 0.0 unvisited cells
At time: 70.5, node 3 map has total uncertainty of 13.500000000000002
At time: 70.5, node 0 map has total uncertainty of 13.750000000000004
At time: 70.5, node 2 map has total uncertainty of 13.450000000000003
At time: 70.5, node 1 map has total uncertainty of 13.900000000000002
At time: 70.5, node 5 map has total uncertainty of 13.100000000000001
At time: 70.5, node 4 map has total uncertainty of 16.6
At time: 71.0, node 5 map has total uncertainty of 13.100000000000001
At time: 71.0, node 3 map has total uncertainty of 13.050000000000002
At time: 71.0, node 0 map has total uncertainty of 13.700000000000003
At time: 71.0, node 1 map has total uncertainty of 13.850000000000003
At time: 71.0, node 2 map has total uncertainty of 12.800000000000002
At time: 71.0, node 2 map has total uncertainty of 12.800000000000002
At time: 71.0, node 4 map has total uncertainty of 16.25
At time: 71.5, node 0 map has total uncertainty of 12.950000000000003
At time: 71.5, node 4 map has total uncertainty of 16.25
At time: 71.5, node 2 map has total uncertainty of 12.800000000000002
At time: 71.5, node 1 map has total uncertainty of 13.000000000000004
At time: 71.5, node 3 map has total uncertainty of 13.050000000000002
At time: 71.5, node 5 map has total uncertainty of 13.000000000000004
At time: 72.0, node 5 map has total uncertainty of 13.000000000000004
At time: 72.0, node 0 map has total uncertainty of 12.900000000000002
At time: 72.0, node 4 map has total uncertainty of 16.25
At time: 72.0, node 3 map has total uncertainty of 13.050000000000002
At time: 72.0, node 2 map has total uncertainty of 12.800000000000002
At time: 72.0, node 1 map has total uncertainty of 12.900000000000002
At time: 72.5, node 3 map has total uncertainty of 12.850000000000001
At time: 72.5, node 2 map has total uncertainty of 12.500000000000002
At time: 72.5, node 5 map has total uncertainty of 12.800000000000002
At time: 72.5, node 1 map has total uncertainty of 12.900000000000002
At time: 72.5, node 1 map has total uncertainty of 12.900000000000002
At time: 72.5, node 0 map has total uncertainty of 12.900000000000002
At time: 72.5, node 4 map has total uncertainty of 16.25
At time: 73.0, node 4 map has total uncertainty of 16.25
At time: 73.0, node 3 map has total uncertainty of 12.850000000000001
At time: 73.0, node 2 map has total uncertainty of 12.500000000000002
At time: 73.0, node 5 map has total uncertainty of 12.800000000000002
At time: 73.0, node 1 map has total uncertainty of 12.600000000000001
At time: 73.5, node 2 map has total uncertainty of 12.250000000000002
At time: 73.5, node 1 map has total uncertainty of 12.600000000000001
At time: 73.5, node 5 map has total uncertainty of 12.350000000000001
At time: 73.5, node 4 map has total uncertainty of 16.25
At time: 73.5, node 0 map has total uncertainty of 12.850000000000001
At time: 73.5, node 3 map has total uncertainty of 12.350000000000001
At time: 74.0, node 0 map has total uncertainty of 12.850000000000001
At time: 74.0, node 2 map has total uncertainty of 12.000000000000002
At time: 74.0, node 5 map has total uncertainty of 12.150000000000002
At time: 74.0, node 1 map has total uncertainty of 12.600000000000001
At time: 74.0, node 4 map has total uncertainty of 16.25
At time: 74.0, node 3 map has total uncertainty of 12.150000000000002
At time: 74.5, node 3 map has total uncertainty of 11.600000000000001
At time: 74.5, node 2 map has total uncertainty of 11.55
At time: 74.5, node 0 map has total uncertainty of 12.850000000000001
At time: 74.5, node 4 map has total uncertainty of 16.25
At time: 74.5, node 1 map has total uncertainty of 11.700000000000003
At time: 74.5, node 5 map has total uncertainty of 11.600000000000001
At time: 75.0, node 4 map has total uncertainty of 16.25
At time: 75.0, node 0 map has total uncertainty of 12.850000000000001
At time: 75.0, node 3 map has total uncertainty of 11.400000000000002
At time: 75.0, node 2 map has total uncertainty of 11.3
At time: 75.0, node 5 map has total uncertainty of 11.400000000000002
At time: 75.0, node 1 map has total uncertainty of 11.500000000000004
At time: 75.5, node 5 map has total uncertainty of 11.400000000000002
At time: 75.5, node 4 map has total uncertainty of 16.25
At time: 75.5, node 0 map has total uncertainty of 12.8
At time: 75.5, node 2 map has total uncertainty of 11.3
At time: 75.5, node 3 map has total uncertainty of 11.400000000000002
At time: 75.5, node 1 map has total uncertainty of 11.500000000000004
At time: 76.0, node 3 map has total uncertainty of 11.350000000000001
At time: 76.0, node 5 map has total uncertainty of 11.350000000000001
At time: 76.0, node 0 map has total uncertainty of 12.8
At time: 76.0, node 4 map has total uncertainty of 15.950000000000003
At time: 76.0, node 2 map has total uncertainty of 11.3
At time: 76.0, node 1 map has total uncertainty of 11.450000000000003
At time: 76.5, node 5 map has total uncertainty of 11.350000000000001
At time: 76.5, node 3 map has total uncertainty of 11.350000000000001
At time: 76.5, node 4 map has total uncertainty of 15.850000000000001
At time: 77.0, node 2 map has total uncertainty of 11.3
At time: 77.0, node 0 map has total uncertainty of 12.750000000000004
At time: 77.0, node 3 map has total uncertainty of 11.200000000000003
At time: 77.0, node 3 map has total uncertainty of 11.200000000000003
At time: 77.0, node 4 map has total uncertainty of 10.150000000000002
At time: 77.0, node 1 map has total uncertainty of 11.400000000000002
At time: 77.0, node 5 map has total uncertainty of 11.200000000000003
At time: 77.0, node 5 map has total uncertainty of 11.200000000000003
At time: 77.5, node 5 map has total uncertainty of 9.900000000000002
At time: 77.5, node 0 map has total uncertainty of 9.900000000000002
At time: 77.5, node 1 map has total uncertainty of 9.950000000000003
At time: 77.5, node 4 map has total uncertainty of 10.150000000000002
At time: 77.5, node 3 map has total uncertainty of 10.150000000000002
At time: 77.5, node 2 map has total uncertainty of 11.3
At time: 78.0, node 2 map has total uncertainty of 11.3
At time: 78.0, node 5 map has total uncertainty of 9.900000000000002
At time: 78.0, node 0 map has total uncertainty of 9.850000000000001
At time: 78.0, node 3 map has total uncertainty of 10.150000000000002
At time: 78.0, node 1 map has total uncertainty of 9.800000000000002
At time: 78.0, node 1 map has total uncertainty of 9.800000000000002
At time: 78.0, node 4 map has total uncertainty of 9.800000000000002
At time: 78.5, node 2 map has total uncertainty of 11.3
At time: 78.5, node 3 map has total uncertainty of 9.650000000000002
At time: 78.5, node 4 map has total uncertainty of 9.800000000000002
At time: 78.5, node 1 map has total uncertainty of 9.750000000000002
At time: 78.5, node 1 map has total uncertainty of 9.750000000000002
At time: 78.5, node 0 map has total uncertainty of 9.750000000000002
At time: 78.5, node 5 map has total uncertainty of 9.650000000000002
At time: 79.0, node 0 map has total uncertainty of 9.750000000000002
At time: 79.0, node 2 map has total uncertainty of 11.3
At time: 79.0, node 4 map has total uncertainty of 9.500000000000004
At time: 79.0, node 3 map has total uncertainty of 9.650000000000002
At time: 79.0, node 1 map has total uncertainty of 9.750000000000002
At time: 79.0, node 5 map has total uncertainty of 9.250000000000004
At time: 79.5, node 0 map has total uncertainty of 9.000000000000002
At time: 79.5, node 2 map has total uncertainty of 8.950000000000001
At time: 79.5, node 5 map has total uncertainty of 8.950000000000001
At time: 79.5, node 3 map has total uncertainty of 8.950000000000001
At time: 79.5, node 1 map has total uncertainty of 9.000000000000002
At time: 79.5, node 4 map has total uncertainty of 8.900000000000002
At time: 80.0, node 0 map has total uncertainty of 9.000000000000002
At time: 80.0, node 5 map has total uncertainty of 8.950000000000001
At time: 80.0, node 2 map has total uncertainty of 8.950000000000001
At time: 80.0, node 0 map has a total of 100 cell abouve threshold
At time: 80.0, the node 0 has 0.0 unvisited cells
At time: 80.0, node 3 map has total uncertainty of 8.950000000000001
At time: 80.0, node 2 map has a total of 100 cell abouve threshold
At time: 80.0, the node 2 has 0.0 unvisited cells
At time: 80.0, node 1 map has total uncertainty of 8.950000000000003
At time: 80.0, node 1 map has total uncertainty of 8.950000000000003
At time: 80.0, node 4 map has a total of 100 cell abouve threshold
At time: 80.0, the node 4 has 0.0 unvisited cells
At time: 80.0, node 4 map has total uncertainty of 13.850000000000001
At time: 80.0, node 4 map has total uncertainty of 13.8
At time: 80.0, node 1 map has a total of 100 cell abouve threshold
At time: 80.0, the node 1 has 0.0 unvisited cells
At time: 80.0, node 5 map has a total of 100 cell abouve threshold
At time: 80.0, the node 5 has 0.0 unvisited cells
At time: 80.0, node 3 map has a total of 100 cell abouve threshold
At time: 80.0, the node 3 has 0.0 unvisited cells
At time: 80.5, node 3 map has total uncertainty of 13.9
At time: 80.5, node 3 map has total uncertainty of 13.65
At time: 80.5, node 2 map has total uncertainty of 13.900000000000002
At time: 80.5, node 1 map has total uncertainty of 13.900000000000002
At time: 80.5, node 4 map has total uncertainty of 13.600000000000001
At time: 80.5, node 5 map has total uncertainty of 13.9
At time: 80.5, node 5 map has total uncertainty of 13.85
At time: 81.0, node 0 map has total uncertainty of 13.650000000000002
At time: 81.0, node 3 map has total uncertainty of 13.65
At time: 81.0, node 2 map has total uncertainty of 13.850000000000001
At time: 81.0, node 5 map has total uncertainty of 13.85
At time: 81.0, node 1 map has total uncertainty of 13.850000000000001
At time: 81.0, node 4 map has total uncertainty of 13.350000000000001
At time: 81.5, node 4 map has total uncertainty of 13.350000000000001
At time: 81.5, node 2 map has total uncertainty of 13.150000000000002
At time: 81.5, node 1 map has total uncertainty of 13.850000000000001
At time: 81.5, node 0 map has total uncertainty of 13.25
At time: 81.5, node 0 map has total uncertainty of 13.25
At time: 82.0, node 0 map has total uncertainty of 13.25
At time: 82.0, node 4 map has total uncertainty of 13.3
At time: 82.0, node 1 map has total uncertainty of 13.800000000000002
At time: 82.0, node 2 map has total uncertainty of 13.100000000000001
At time: 82.0, node 5 map has total uncertainty of 13.500000000000002
At time: 82.0, node 3 map has total uncertainty of 12.850000000000001
At time: 82.0, node 3 map has total uncertainty of 12.8
At time: 82.5, node 0 map has total uncertainty of 13.200000000000001
At time: 82.5, node 4 map has total uncertainty of 12.900000000000002
At time: 82.5, node 1 map has total uncertainty of 12.900000000000002
At time: 82.5, node 5 map has total uncertainty of 13.500000000000002
At time: 82.5, node 2 map has total uncertainty of 12.8
At time: 82.5, node 3 map has total uncertainty of 12.8
At time: 83.0, node 2 map has total uncertainty of 12.8
At time: 83.0, node 0 map has total uncertainty of 13.200000000000001
At time: 83.0, node 0 map has total uncertainty of 13.200000000000001
At time: 83.0, node 4 map has total uncertainty of 12.55
At time: 83.0, node 5 map has total uncertainty of 13.4
At time: 83.0, node 1 map has total uncertainty of 12.8
At time: 83.0, node 3 map has total uncertainty of 12.8
At time: 83.5, node 0 map has total uncertainty of 11.8
At time: 83.5, node 1 map has total uncertainty of 12.8
At time: 83.5, node 3 map has total uncertainty of 12.700000000000001
At time: 84.0, node 2 map has total uncertainty of 12.650000000000002
At time: 84.0, node 4 map has total uncertainty of 11.8
At time: 84.0, node 0 map has total uncertainty of 11.8
At time: 84.0, node 5 map has total uncertainty of 11.400000000000002
At time: 84.0, node 1 map has total uncertainty of 12.75
At time: 84.0, node 3 map has total uncertainty of 11.150000000000002
At time: 84.5, node 2 map has total uncertainty of 12.650000000000002
At time: 84.5, node 2 map has total uncertainty of 12.600000000000001
At time: 84.5, node 0 map has total uncertainty of 10.900000000000002
At time: 84.5, node 1 map has total uncertainty of 10.950000000000001
At time: 84.5, node 5 map has total uncertainty of 10.850000000000001
At time: 84.5, node 4 map has total uncertainty of 11.8
At time: 84.5, node 3 map has total uncertainty of 11.150000000000002
At time: 84.5, node 3 map has total uncertainty of 11.100000000000001
At time: 85.0, node 2 map has total uncertainty of 12.600000000000001
At time: 85.0, node 1 map has total uncertainty of 10.950000000000001
At time: 85.0, node 5 map has total uncertainty of 10.8
At time: 85.0, node 0 map has total uncertainty of 10.900000000000002
At time: 85.0, node 4 map has total uncertainty of 11.8
At time: 85.0, node 3 map has total uncertainty of 11.100000000000001
At time: 85.5, node 4 map has total uncertainty of 10.900000000000002
At time: 85.5, node 5 map has total uncertainty of 10.75
At time: 85.5, node 1 map has total uncertainty of 10.850000000000001
At time: 85.5, node 2 map has total uncertainty of 12.55
At time: 86.0, node 1 map has total uncertainty of 10.850000000000001
At time: 86.0, node 4 map has total uncertainty of 10.900000000000002
At time: 86.0, node 3 map has total uncertainty of 10.75
At time: 86.0, node 5 map has total uncertainty of 10.75
At time: 86.0, node 0 map has total uncertainty of 10.75
At time: 86.0, node 2 map has total uncertainty of 12.200000000000001
At time: 86.5, node 1 map has total uncertainty of 10.8
At time: 86.5, node 2 map has total uncertainty of 12.200000000000001
At time: 86.5, node 0 map has total uncertainty of 10.75
At time: 86.5, node 4 map has total uncertainty of 10.600000000000001
At time: 86.5, node 3 map has total uncertainty of 10.75
At time: 87.0, node 5 map has total uncertainty of 10.700000000000001
At time: 87.0, node 1 map has total uncertainty of 10.8
At time: 87.0, node 0 map has total uncertainty of 10.75
At time: 87.0, node 2 map has total uncertainty of 12.200000000000001
At time: 87.0, node 4 map has total uncertainty of 10.600000000000001
At time: 87.0, node 3 map has total uncertainty of 10.700000000000001
At time: 87.5, node 0 map has total uncertainty of 10.55
At time: 87.5, node 1 map has total uncertainty of 10.8
At time: 87.5, node 2 map has total uncertainty of 12.200000000000001
At time: 87.5, node 4 map has total uncertainty of 10.55
At time: 87.5, node 4 map has total uncertainty of 10.55
At time: 87.5, node 5 map has total uncertainty of 10.700000000000001
At time: 87.5, node 5 map has total uncertainty of 10.700000000000001
At time: 87.5, node 3 map has total uncertainty of 10.650000000000002
At time: 87.5, node 3 map has total uncertainty of 10.650000000000002
At time: 88.0, node 5 map has total uncertainty of 10.700000000000001
At time: 88.0, node 2 map has total uncertainty of 12.200000000000001
At time: 88.0, node 1 map has total uncertainty of 10.8
At time: 88.0, node 4 map has total uncertainty of 10.55
At time: 88.0, node 4 map has total uncertainty of 10.55
At time: 88.0, node 3 map has total uncertainty of 10.650000000000002
At time: 88.0, node 0 map has total uncertainty of 10.55
At time: 88.5, node 1 map has total uncertainty of 10.55
At time: 88.5, node 0 map has total uncertainty of 10.55
At time: 88.5, node 3 map has total uncertainty of 10.300000000000002
At time: 88.5, node 4 map has total uncertainty of 10.55
At time: 88.5, node 2 map has total uncertainty of 12.200000000000001
At time: 88.5, node 5 map has total uncertainty of 10.450000000000001
At time: 89.0, node 2 map has total uncertainty of 12.200000000000001
At time: 89.0, node 1 map has total uncertainty of 10.55
At time: 89.0, node 3 map has total uncertainty of 10.300000000000002
At time: 89.0, node 0 map has total uncertainty of 10.55
At time: 89.0, node 4 map has total uncertainty of 10.55
At time: 89.0, node 5 map has total uncertainty of 10.450000000000001
At time: 89.5, node 1 map has total uncertainty of 10.200000000000001
At time: 89.5, node 2 map has total uncertainty of 9.5
At time: 89.5, node 2 map has total uncertainty of 9.5
At time: 89.5, node 5 map has total uncertainty of 9.600000000000001
At time: 89.5, node 0 map has total uncertainty of 10.15
At time: 89.5, node 0 map has total uncertainty of 10.15
At time: 89.5, node 4 map has total uncertainty of 10.55
At time: 89.5, node 3 map has total uncertainty of 9.55
At time: 89.5, node 3 map has total uncertainty of 9.55
At time: 90.0, node 1 map has total uncertainty of 10.200000000000001
At time: 90.0, node 5 map has total uncertainty of 9.600000000000001
At time: 90.0, node 2 map has total uncertainty of 9.3
At time: 90.0, node 4 map has a total of 100 cell abouve threshold
At time: 90.0, the node 4 has 0.0 unvisited cells
At time: 90.0, node 5 map has a total of 100 cell abouve threshold
At time: 90.0, the node 5 has 0.0 unvisited cells
At time: 90.0, node 0 map has total uncertainty of 10.15
At time: 90.0, node 0 map has total uncertainty of 10.15
At time: 90.0, node 1 map has a total of 100 cell abouve threshold
At time: 90.0, the node 1 has 0.0 unvisited cells
At time: 90.0, node 4 map has total uncertainty of 15.500000000000002
At time: 90.0, node 2 map has a total of 100 cell abouve threshold
At time: 90.0, the node 2 has 0.0 unvisited cells
At time: 90.0, node 3 map has a total of 100 cell abouve threshold
At time: 90.0, the node 3 has 0.0 unvisited cells
At time: 90.0, node 3 map has total uncertainty of 14.450000000000001
At time: 90.0, node 0 map has a total of 100 cell abouve threshold
At time: 90.0, the node 0 has 0.0 unvisited cells
At time: 90.5, node 1 map has total uncertainty of 14.600000000000001
At time: 90.5, node 3 map has total uncertainty of 14.100000000000001
At time: 90.5, node 3 map has total uncertainty of 14.100000000000001
At time: 90.5, node 2 map has total uncertainty of 14.250000000000004
At time: 90.5, node 2 map has total uncertainty of 14.200000000000003
At time: 90.5, node 0 map has total uncertainty of 14.7
At time: 90.5, node 5 map has total uncertainty of 14.200000000000005
At time: 90.5, node 4 map has total uncertainty of 14.800000000000002
At time: 91.0, node 4 map has total uncertainty of 14.800000000000002
At time: 91.0, node 1 map has total uncertainty of 14.550000000000002
At time: 91.0, node 3 map has total uncertainty of 14.100000000000001
At time: 91.0, node 5 map has total uncertainty of 13.400000000000002
At time: 91.0, node 2 map has total uncertainty of 13.800000000000002
At time: 91.0, node 0 map has total uncertainty of 13.65
At time: 91.0, node 0 map has total uncertainty of 13.65
