[--------- Simulation started ---------]
Drone 0 uncertainty rate 0.05, vanishing time 10.0, map threshold 0.3
server listening on 127.0.0.1:5678
At time: 0, node 0 map has a total of 0 cell abouve threshold
At time: 0, the node 0 has 100.0 unvisited cells
Drone 1 uncertainty rate 0.05, vanishing time 10.0, map threshold 0.3
At time: 0, node 1 map has a total of 0 cell abouve threshold
At time: 0, the node 1 has 100.0 unvisited cells
At time: 2.5, node 1 map has total uncertainty of 103.45000000000002
At time: 3.0, node 1 map has total uncertainty of 102.4
At time: 3.0, node 0 map has total uncertainty of 103.45000000000002
At time: 3.5, node 1 map has total uncertainty of 102.4
At time: 3.5, node 0 map has total uncertainty of 103.45000000000002
At time: 4.0, node 0 map has total uncertainty of 102.40000000000002
At time: 4.5, node 0 map has total uncertainty of 102.40000000000002
At time: 5.0, node 0 map has total uncertainty of 102.40000000000002
At time: 5.5, node 1 map has total uncertainty of 101.35000000000001
At time: 5.5, node 0 map has total uncertainty of 102.40000000000002
At time: 5.5, node 0 map has total uncertainty of 101.35000000000002
At time: 6.0, node 0 map has total uncertainty of 101.35000000000002
At time: 6.0, node 1 map has total uncertainty of 101.35000000000001
At time: 6.5, node 0 map has total uncertainty of 101.35000000000002
At time: 6.5, node 1 map has total uncertainty of 101.35000000000001
At time: 7.0, node 1 map has total uncertainty of 101.35000000000001
At time: 7.0, node 0 map has total uncertainty of 101.35000000000002
At time: 7.5, node 1 map has total uncertainty of 101.35000000000001
At time: 7.5, node 0 map has total uncertainty of 101.35000000000002
At time: 8.0, node 0 map has total uncertainty of 101.35000000000002
At time: 8.0, node 1 map has total uncertainty of 101.35000000000001
At time: 8.5, node 0 map has total uncertainty of 101.35000000000002
At time: 8.5, node 1 map has total uncertainty of 101.35000000000001
At time: 9.0, node 1 map has total uncertainty of 101.35000000000001
At time: 9.0, node 0 map has total uncertainty of 101.35000000000002
At time: 9.5, node 1 map has total uncertainty of 101.35000000000001
At time: 9.5, node 0 map has total uncertainty of 101.35000000000002
connection rejected (426 Upgrade Required)
opening handshake failed
Traceback (most recent call last):
  File "/usr/local/lib/python3.10/dist-packages/websockets/asyncio/server.py", line 356, in conn_handler
    await connection.handshake(
  File "/usr/local/lib/python3.10/dist-packages/websockets/asyncio/server.py", line 207, in handshake
    raise self.protocol.handshake_exc
  File "/usr/local/lib/python3.10/dist-packages/websockets/server.py", line 138, in accept
    ) = self.process_request(request)
  File "/usr/local/lib/python3.10/dist-packages/websockets/server.py", line 233, in process_request
    raise InvalidUpgrade(
websockets.exceptions.InvalidUpgrade: invalid Connection header: keep-alive
connection open
At time: 10.0, node 0 map has a total of 3 cell abouve threshold
At time: 10.0, the node 0 has 97.0 unvisited cells
At time: 10.0, node 0 map has total uncertainty of 105.79999999999997
At time: 10.0, node 1 map has a total of 3 cell abouve threshold
At time: 10.0, the node 1 has 97.0 unvisited cells
At time: 10.0, node 1 map has total uncertainty of 105.79999999999995
At time: 10.5, node 0 map has total uncertainty of 104.69999999999997
At time: 10.5, node 0 map has total uncertainty of 104.69999999999997
At time: 10.5, node 1 map has total uncertainty of 104.69999999999996
At time: 10.5, node 1 map has total uncertainty of 104.69999999999996
At time: 11.0, node 1 map has total uncertainty of 104.69999999999996
At time: 11.0, node 0 map has total uncertainty of 104.69999999999997
At time: 11.5, node 1 map has total uncertainty of 104.69999999999996
At time: 11.5, node 0 map has total uncertainty of 104.69999999999997
At time: 12.0, node 0 map has total uncertainty of 104.69999999999997
At time: 12.0, node 1 map has total uncertainty of 104.69999999999996
At time: 12.5, node 0 map has total uncertainty of 104.69999999999997
At time: 12.5, node 1 map has total uncertainty of 104.69999999999996
At time: 13.0, node 1 map has total uncertainty of 104.69999999999996
At time: 13.0, node 0 map has total uncertainty of 104.69999999999997
At time: 13.5, node 1 map has total uncertainty of 104.69999999999996
At time: 13.5, node 0 map has total uncertainty of 104.69999999999997
At time: 14.0, node 0 map has total uncertainty of 104.69999999999997
At time: 14.0, node 1 map has total uncertainty of 104.69999999999996
At time: 14.5, node 0 map has total uncertainty of 104.69999999999997
At time: 14.5, node 1 map has total uncertainty of 104.69999999999996
At time: 15.0, node 1 map has total uncertainty of 104.69999999999996
At time: 15.0, node 0 map has total uncertainty of 104.69999999999997
At time: 15.5, node 1 map has total uncertainty of 103.59999999999997
At time: 15.5, node 1 map has total uncertainty of 103.59999999999997
At time: 15.5, node 0 map has total uncertainty of 103.59999999999997
At time: 15.5, node 0 map has total uncertainty of 103.59999999999997
At time: 16.0, node 0 map has total uncertainty of 103.59999999999997
At time: 16.0, node 1 map has total uncertainty of 103.59999999999997
At time: 16.5, node 0 map has total uncertainty of 103.59999999999997
At time: 16.5, node 1 map has total uncertainty of 103.59999999999997
At time: 17.0, node 1 map has total uncertainty of 103.59999999999997
At time: 17.0, node 0 map has total uncertainty of 103.59999999999997
At time: 17.5, node 1 map has total uncertainty of 103.59999999999997
At time: 17.5, node 0 map has total uncertainty of 103.59999999999997
At time: 18.0, node 0 map has total uncertainty of 103.59999999999997
At time: 18.0, node 1 map has total uncertainty of 103.59999999999997
At time: 18.5, node 0 map has total uncertainty of 103.59999999999997
At time: 18.5, node 1 map has total uncertainty of 103.59999999999997
At time: 19.0, node 1 map has total uncertainty of 103.59999999999997
At time: 19.0, node 0 map has total uncertainty of 103.59999999999997
At time: 19.5, node 1 map has total uncertainty of 103.59999999999997
At time: 19.5, node 0 map has total uncertainty of 103.59999999999997
At time: 20.0, node 1 map has a total of 5 cell abouve threshold
At time: 20.0, the node 1 has 95.0 unvisited cells
At time: 20.0, node 0 map has total uncertainty of 103.59999999999997
At time: 20.0, node 0 map has a total of 5 cell abouve threshold
At time: 20.0, the node 0 has 95.0 unvisited cells
At time: 20.0, node 1 map has total uncertainty of 108.05000000000004
At time: 20.5, node 0 map has total uncertainty of 106.95000000000003
At time: 20.5, node 0 map has total uncertainty of 106.90000000000002
At time: 20.5, node 1 map has total uncertainty of 106.90000000000005
At time: 20.5, node 1 map has total uncertainty of 106.90000000000005
At time: 21.0, node 1 map has total uncertainty of 106.90000000000005
At time: 21.0, node 0 map has total uncertainty of 106.90000000000002
At time: 21.5, node 1 map has total uncertainty of 106.90000000000005
At time: 21.5, node 0 map has total uncertainty of 106.90000000000002
At time: 22.0, node 0 map has total uncertainty of 106.90000000000002
At time: 22.0, node 1 map has total uncertainty of 106.90000000000005
At time: 22.5, node 0 map has total uncertainty of 106.90000000000002
At time: 22.5, node 1 map has total uncertainty of 106.90000000000005
At time: 23.0, node 1 map has total uncertainty of 106.90000000000005
At time: 23.0, node 0 map has total uncertainty of 106.90000000000002
At time: 23.5, node 1 map has total uncertainty of 106.90000000000005
At time: 23.5, node 0 map has total uncertainty of 106.90000000000002
At time: 24.0, node 0 map has total uncertainty of 106.90000000000002
At time: 24.0, node 1 map has total uncertainty of 106.90000000000005
At time: 24.5, node 0 map has total uncertainty of 106.90000000000002
At time: 24.5, node 1 map has total uncertainty of 106.90000000000005
At time: 25.0, node 1 map has total uncertainty of 106.90000000000005
At time: 25.0, node 0 map has total uncertainty of 106.90000000000002
At time: 25.5, node 1 map has total uncertainty of 105.75000000000004
At time: 25.5, node 1 map has total uncertainty of 105.75000000000004
At time: 25.5, node 0 map has total uncertainty of 105.75000000000003
At time: 25.5, node 0 map has total uncertainty of 105.75000000000003
At time: 26.0, node 0 map has total uncertainty of 105.75000000000003
At time: 26.0, node 1 map has total uncertainty of 105.75000000000004
At time: 26.5, node 0 map has total uncertainty of 105.75000000000003
At time: 26.5, node 1 map has total uncertainty of 105.75000000000004
At time: 27.0, node 1 map has total uncertainty of 105.75000000000004
At time: 27.0, node 0 map has total uncertainty of 105.75000000000003
At time: 27.5, node 1 map has total uncertainty of 105.75000000000004
At time: 27.5, node 0 map has total uncertainty of 105.75000000000003
At time: 28.0, node 0 map has total uncertainty of 105.75000000000003
At time: 28.0, node 1 map has total uncertainty of 105.75000000000004
At time: 28.5, node 0 map has total uncertainty of 105.75000000000003
At time: 28.5, node 1 map has total uncertainty of 105.75000000000004
At time: 29.0, node 1 map has total uncertainty of 105.75000000000004
At time: 29.0, node 0 map has total uncertainty of 105.75000000000003
At time: 29.5, node 1 map has total uncertainty of 105.75000000000004
At time: 29.5, node 0 map has total uncertainty of 105.75000000000003
At time: 30.0, node 1 map has a total of 7 cell abouve threshold
At time: 30.0, the node 1 has 93.0 unvisited cells
At time: 30.0, node 0 map has total uncertainty of 105.75000000000003
At time: 30.0, node 0 map has a total of 7 cell abouve threshold
At time: 30.0, the node 0 has 93.0 unvisited cells
At time: 30.0, node 1 map has total uncertainty of 110.2
At time: 30.5, node 1 map has total uncertainty of 109.0
At time: 30.5, node 1 map has total uncertainty of 109.0
At time: 30.5, node 0 map has total uncertainty of 109.05000000000001
At time: 30.5, node 0 map has total uncertainty of 109.0
At time: 31.0, node 0 map has total uncertainty of 109.0
At time: 31.0, node 1 map has total uncertainty of 109.0
At time: 31.5, node 0 map has total uncertainty of 109.0
At time: 31.5, node 1 map has total uncertainty of 109.0
At time: 32.0, node 1 map has total uncertainty of 109.0
At time: 32.0, node 0 map has total uncertainty of 109.0
At time: 32.5, node 1 map has total uncertainty of 109.0
At time: 32.5, node 0 map has total uncertainty of 109.0
At time: 33.0, node 0 map has total uncertainty of 109.0
At time: 33.0, node 1 map has total uncertainty of 109.0
At time: 33.5, node 0 map has total uncertainty of 109.0
At time: 33.5, node 1 map has total uncertainty of 109.0
At time: 34.0, node 1 map has total uncertainty of 109.0
At time: 34.0, node 0 map has total uncertainty of 109.0
At time: 34.5, node 1 map has total uncertainty of 109.0
At time: 34.5, node 0 map has total uncertainty of 109.0
At time: 35.0, node 0 map has total uncertainty of 109.0
At time: 35.0, node 1 map has total uncertainty of 109.0
At time: 35.5, node 0 map has total uncertainty of 107.80000000000001
At time: 35.5, node 0 map has total uncertainty of 107.80000000000001
At time: 35.5, node 1 map has total uncertainty of 107.80000000000001
At time: 35.5, node 1 map has total uncertainty of 107.80000000000001
At time: 36.0, node 1 map has total uncertainty of 107.80000000000001
At time: 36.0, node 0 map has total uncertainty of 98.65
At time: 36.5, node 0 map has total uncertainty of 97.45
At time: 36.5, node 0 map has total uncertainty of 97.45
At time: 36.5, node 1 map has total uncertainty of 97.45
At time: 36.5, node 1 map has total uncertainty of 97.45
At time: 37.0, node 1 map has total uncertainty of 97.45
At time: 37.0, node 0 map has total uncertainty of 96.25
At time: 37.5, node 0 map has total uncertainty of 95.05000000000001
At time: 37.5, node 0 map has total uncertainty of 95.05000000000001
At time: 37.5, node 1 map has total uncertainty of 96.25
At time: 38.0, node 1 map has total uncertainty of 96.25
At time: 38.0, node 0 map has total uncertainty of 95.05000000000001
At time: 38.5, node 0 map has total uncertainty of 95.05000000000001
At time: 38.5, node 1 map has total uncertainty of 95.05000000000001
At time: 39.0, node 1 map has total uncertainty of 95.05000000000001
At time: 39.0, node 0 map has total uncertainty of 95.05000000000001
At time: 39.5, node 0 map has total uncertainty of 95.05000000000001
At time: 39.5, node 1 map has total uncertainty of 95.05000000000001
At time: 40.0, node 1 map has a total of 20 cell abouve threshold
At time: 40.0, the node 1 has 80.0 unvisited cells
At time: 40.0, node 1 map has total uncertainty of 99.50000000000001
At time: 40.0, node 0 map has a total of 20 cell abouve threshold
At time: 40.0, the node 0 has 80.0 unvisited cells
At time: 40.0, node 0 map has total uncertainty of 99.50000000000001
At time: 40.5, node 0 map has total uncertainty of 98.20000000000002
At time: 40.5, node 0 map has total uncertainty of 98.20000000000002
At time: 40.5, node 1 map has total uncertainty of 98.25000000000001
At time: 40.5, node 1 map has total uncertainty of 98.25000000000001
At time: 41.0, node 1 map has total uncertainty of 98.25000000000001
At time: 41.0, node 0 map has total uncertainty of 98.20000000000002
At time: 41.5, node 0 map has total uncertainty of 96.95
At time: 41.5, node 1 map has total uncertainty of 96.95
At time: 42.0, node 1 map has total uncertainty of 96.95
At time: 42.0, node 0 map has total uncertainty of 96.95
At time: 42.5, node 0 map has total uncertainty of 96.95
At time: 42.5, node 1 map has total uncertainty of 96.95
At time: 43.0, node 1 map has total uncertainty of 96.95
At time: 43.0, node 0 map has total uncertainty of 96.95
At time: 43.5, node 1 map has total uncertainty of 96.95
At time: 43.5, node 0 map has total uncertainty of 96.95
At time: 44.0, node 0 map has total uncertainty of 96.95
At time: 44.0, node 1 map has total uncertainty of 96.95
At time: 44.5, node 1 map has total uncertainty of 95.7
At time: 44.5, node 1 map has total uncertainty of 95.7
At time: 44.5, node 0 map has total uncertainty of 95.7
At time: 44.5, node 0 map has total uncertainty of 95.7
At time: 45.0, node 0 map has total uncertainty of 95.7
At time: 45.0, node 1 map has total uncertainty of 95.7
At time: 45.5, node 0 map has total uncertainty of 94.45
At time: 45.5, node 0 map has total uncertainty of 93.2
At time: 45.5, node 1 map has total uncertainty of 94.45
At time: 45.5, node 1 map has total uncertainty of 93.2
At time: 46.0, node 1 map has total uncertainty of 93.2
At time: 46.0, node 0 map has total uncertainty of 91.95
At time: 46.5, node 1 map has total uncertainty of 91.95
At time: 46.5, node 0 map has total uncertainty of 91.95
At time: 47.0, node 0 map has total uncertainty of 91.95
At time: 47.0, node 1 map has total uncertainty of 91.95
At time: 47.5, node 0 map has total uncertainty of 91.95
At time: 47.5, node 1 map has total uncertainty of 91.95
At time: 48.0, node 1 map has total uncertainty of 91.95
At time: 48.0, node 0 map has total uncertainty of 91.95
At time: 48.5, node 1 map has total uncertainty of 90.7
At time: 48.5, node 1 map has total uncertainty of 90.7
At time: 48.5, node 0 map has total uncertainty of 90.7
At time: 48.5, node 0 map has total uncertainty of 90.7
At time: 49.0, node 0 map has total uncertainty of 90.7
At time: 49.0, node 1 map has total uncertainty of 90.7
At time: 49.5, node 0 map has total uncertainty of 89.45
At time: 49.5, node 1 map has total uncertainty of 89.45
At time: 50.0, node 1 map has total uncertainty of 89.45
At time: 50.0, node 1 map has a total of 28 cell abouve threshold
At time: 50.0, the node 1 has 72.0 unvisited cells
At time: 50.0, node 0 map has a total of 28 cell abouve threshold
At time: 50.0, the node 0 has 72.0 unvisited cells
At time: 50.0, node 0 map has total uncertainty of 93.90000000000002
At time: 50.5, node 1 map has total uncertainty of 92.65000000000002
At time: 50.5, node 1 map has total uncertainty of 92.60000000000002
At time: 50.5, node 0 map has total uncertainty of 92.60000000000004
At time: 50.5, node 0 map has total uncertainty of 92.60000000000004
At time: 51.0, node 0 map has total uncertainty of 92.60000000000004
At time: 51.0, node 1 map has total uncertainty of 92.60000000000002
At time: 51.5, node 1 map has total uncertainty of 91.25000000000003
At time: 51.5, node 0 map has total uncertainty of 91.25000000000003
At time: 52.0, node 0 map has total uncertainty of 91.25000000000003
At time: 52.0, node 1 map has total uncertainty of 91.25000000000003
At time: 52.5, node 1 map has total uncertainty of 89.95000000000003
At time: 52.5, node 1 map has total uncertainty of 89.95000000000003
At time: 52.5, node 0 map has total uncertainty of 91.25000000000003
At time: 53.0, node 0 map has total uncertainty of 89.95000000000003
At time: 53.0, node 1 map has total uncertainty of 89.95000000000003
At time: 53.5, node 1 map has total uncertainty of 88.65000000000002
At time: 53.5, node 0 map has total uncertainty of 88.65000000000002
At time: 54.0, node 0 map has total uncertainty of 88.65000000000002
At time: 54.0, node 1 map has total uncertainty of 88.65000000000002
At time: 54.5, node 1 map has total uncertainty of 88.65000000000002
At time: 54.5, node 0 map has total uncertainty of 88.65000000000002
At time: 55.0, node 0 map has total uncertainty of 88.65000000000002
At time: 55.0, node 1 map has total uncertainty of 88.65000000000002
At time: 55.5, node 0 map has total uncertainty of 87.35000000000002
At time: 55.5, node 0 map has total uncertainty of 87.35000000000002
At time: 55.5, node 1 map has total uncertainty of 87.35000000000002
At time: 55.5, node 1 map has total uncertainty of 87.35000000000002
At time: 56.0, node 1 map has total uncertainty of 87.35000000000002
At time: 56.0, node 0 map has total uncertainty of 87.35000000000002
At time: 56.5, node 1 map has total uncertainty of 86.05000000000003
At time: 56.5, node 1 map has total uncertainty of 86.05000000000003
At time: 56.5, node 0 map has total uncertainty of 86.05000000000003
At time: 57.0, node 0 map has total uncertainty of 84.75000000000001
At time: 57.0, node 1 map has total uncertainty of 86.05000000000003
At time: 57.5, node 1 map has total uncertainty of 84.75000000000001
At time: 57.5, node 1 map has total uncertainty of 83.45000000000002
At time: 57.5, node 0 map has total uncertainty of 84.75000000000001
At time: 58.0, node 0 map has total uncertainty of 84.75000000000001
At time: 58.0, node 1 map has total uncertainty of 83.45000000000002
At time: 58.5, node 0 map has total uncertainty of 83.45000000000002
At time: 58.5, node 1 map has total uncertainty of 83.45000000000002
At time: 59.0, node 1 map has total uncertainty of 83.45000000000002
At time: 59.0, node 0 map has total uncertainty of 83.45000000000002
At time: 59.5, node 1 map has total uncertainty of 83.45000000000002
At time: 59.5, node 0 map has total uncertainty of 83.45000000000002
At time: 60.0, node 0 map has a total of 36 cell abouve threshold
At time: 60.0, the node 0 has 64.0 unvisited cells
At time: 60.0, node 0 map has total uncertainty of 87.89999999999999
At time: 60.0, node 1 map has a total of 36 cell abouve threshold
At time: 60.0, the node 1 has 64.0 unvisited cells
At time: 60.0, node 1 map has total uncertainty of 87.89999999999999
At time: 60.5, node 0 map has total uncertainty of 87.85
At time: 60.5, node 0 map has total uncertainty of 86.5
At time: 60.5, node 1 map has total uncertainty of 87.85
At time: 60.5, node 1 map has total uncertainty of 86.5
At time: 61.0, node 1 map has total uncertainty of 86.5
At time: 61.0, node 0 map has total uncertainty of 85.15
At time: 61.5, node 1 map has total uncertainty of 85.15
At time: 61.5, node 0 map has total uncertainty of 85.15
At time: 62.0, node 0 map has total uncertainty of 85.15
At time: 62.0, node 1 map has total uncertainty of 85.15
At time: 62.5, node 0 map has total uncertainty of 85.15
At time: 62.5, node 1 map has total uncertainty of 85.15
At time: 63.0, node 1 map has total uncertainty of 85.15
At time: 63.0, node 0 map has total uncertainty of 85.15
At time: 63.5, node 1 map has total uncertainty of 85.15
At time: 63.5, node 0 map has total uncertainty of 85.15
At time: 64.0, node 0 map has total uncertainty of 85.15
At time: 64.0, node 1 map has total uncertainty of 85.15
At time: 64.5, node 0 map has total uncertainty of 85.15
At time: 64.5, node 0 map has total uncertainty of 83.8
At time: 64.5, node 1 map has total uncertainty of 85.15
At time: 64.5, node 1 map has total uncertainty of 83.8
At time: 65.0, node 1 map has total uncertainty of 83.8
At time: 65.0, node 0 map has total uncertainty of 83.8
At time: 65.5, node 1 map has total uncertainty of 82.45
At time: 65.5, node 1 map has total uncertainty of 81.10000000000001
At time: 65.5, node 0 map has total uncertainty of 82.45
At time: 65.5, node 0 map has total uncertainty of 82.45
At time: 66.0, node 0 map has total uncertainty of 82.45
At time: 66.0, node 1 map has total uncertainty of 81.10000000000001
At time: 66.5, node 1 map has total uncertainty of 81.10000000000001
At time: 66.5, node 0 map has total uncertainty of 81.10000000000001
At time: 67.0, node 0 map has total uncertainty of 81.10000000000001
At time: 67.0, node 1 map has total uncertainty of 81.10000000000001
At time: 67.5, node 1 map has total uncertainty of 81.10000000000001
At time: 67.5, node 0 map has total uncertainty of 81.10000000000001
At time: 68.0, node 0 map has total uncertainty of 81.10000000000001
At time: 68.0, node 1 map has total uncertainty of 81.10000000000001
At time: 68.5, node 1 map has total uncertainty of 81.10000000000001
At time: 68.5, node 1 map has total uncertainty of 79.75000000000001
At time: 68.5, node 0 map has total uncertainty of 81.10000000000001
At time: 68.5, node 0 map has total uncertainty of 81.10000000000001
At time: 69.0, node 0 map has total uncertainty of 81.10000000000001
At time: 69.0, node 1 map has total uncertainty of 79.75000000000001
At time: 69.5, node 0 map has total uncertainty of 79.75000000000001
At time: 69.5, node 0 map has total uncertainty of 78.4
At time: 69.5, node 1 map has total uncertainty of 79.75000000000001
At time: 70.0, node 1 map has a total of 39 cell abouve threshold
At time: 70.0, the node 1 has 58.0 unvisited cells
At time: 70.0, node 1 map has total uncertainty of 84.20000000000002
At time: 70.0, node 0 map has a total of 40 cell abouve threshold
At time: 70.0, the node 0 has 57.0 unvisited cells
At time: 70.0, node 0 map has total uncertainty of 82.85000000000001
At time: 70.5, node 1 map has total uncertainty of 82.80000000000001
At time: 70.5, node 1 map has total uncertainty of 81.40000000000002
At time: 70.5, node 0 map has total uncertainty of 82.80000000000001
At time: 70.5, node 0 map has total uncertainty of 81.40000000000002
At time: 71.0, node 0 map has total uncertainty of 81.40000000000002
At time: 71.0, node 1 map has total uncertainty of 81.40000000000002
At time: 71.5, node 0 map has total uncertainty of 80.00000000000001
At time: 71.5, node 1 map has total uncertainty of 80.00000000000001
At time: 72.0, node 1 map has total uncertainty of 80.00000000000001
At time: 72.0, node 0 map has total uncertainty of 80.00000000000001
At time: 72.5, node 0 map has total uncertainty of 80.00000000000001
At time: 72.5, node 1 map has total uncertainty of 78.60000000000001
At time: 72.5, node 1 map has total uncertainty of 78.60000000000001
At time: 73.0, node 1 map has total uncertainty of 78.60000000000001
At time: 73.0, node 0 map has total uncertainty of 80.00000000000001
At time: 73.0, node 0 map has total uncertainty of 78.60000000000001
At time: 73.5, node 1 map has total uncertainty of 78.60000000000001
At time: 73.5, node 0 map has total uncertainty of 77.20000000000002
At time: 74.0, node 0 map has total uncertainty of 75.80000000000003
At time: 74.0, node 1 map has total uncertainty of 78.60000000000001
At time: 74.5, node 0 map has total uncertainty of 75.80000000000003
At time: 74.5, node 1 map has total uncertainty of 75.80000000000003
At time: 75.0, node 1 map has total uncertainty of 75.80000000000003
At time: 75.0, node 0 map has total uncertainty of 75.80000000000003
At time: 75.5, node 1 map has total uncertainty of 74.40000000000002
At time: 75.5, node 1 map has total uncertainty of 74.40000000000002
At time: 75.5, node 0 map has total uncertainty of 74.40000000000002
At time: 75.5, node 0 map has total uncertainty of 74.40000000000002
At time: 76.0, node 0 map has total uncertainty of 74.40000000000002
At time: 76.0, node 1 map has total uncertainty of 74.40000000000002
At time: 76.5, node 0 map has total uncertainty of 73.00000000000001
At time: 76.5, node 1 map has total uncertainty of 73.00000000000001
At time: 76.5, node 1 map has total uncertainty of 71.60000000000001
At time: 77.0, node 1 map has total uncertainty of 71.60000000000001
At time: 77.0, node 0 map has total uncertainty of 71.60000000000001
At time: 77.5, node 1 map has total uncertainty of 70.20000000000002
At time: 77.5, node 0 map has total uncertainty of 70.20000000000002
At time: 78.0, node 0 map has total uncertainty of 70.20000000000002
At time: 78.0, node 1 map has total uncertainty of 70.20000000000002
At time: 78.5, node 0 map has total uncertainty of 70.20000000000002
At time: 78.5, node 1 map has total uncertainty of 70.20000000000002
At time: 79.0, node 1 map has total uncertainty of 70.20000000000002
At time: 79.0, node 0 map has total uncertainty of 70.20000000000002
At time: 79.5, node 1 map has total uncertainty of 70.20000000000002
At time: 79.5, node 0 map has total uncertainty of 70.20000000000002
At time: 80.0, node 0 map has a total of 45 cell abouve threshold
At time: 80.0, the node 0 has 48.0 unvisited cells
At time: 80.0, node 0 map has total uncertainty of 74.65000000000002
At time: 80.0, node 1 map has a total of 45 cell abouve threshold
At time: 80.0, the node 1 has 48.0 unvisited cells
At time: 80.0, node 1 map has total uncertainty of 74.65000000000002
At time: 80.5, node 0 map has total uncertainty of 74.65000000000002
At time: 80.5, node 0 map has total uncertainty of 73.20000000000002
At time: 80.5, node 1 map has total uncertainty of 74.60000000000002
At time: 81.0, node 1 map has total uncertainty of 73.15000000000002
At time: 81.0, node 0 map has total uncertainty of 73.20000000000002
At time: 81.5, node 1 map has total uncertainty of 71.70000000000002
At time: 81.5, node 0 map has total uncertainty of 71.70000000000002
At time: 82.0, node 0 map has total uncertainty of 71.70000000000002
At time: 82.0, node 1 map has total uncertainty of 71.70000000000002
At time: 82.5, node 0 map has total uncertainty of 71.70000000000002
At time: 82.5, node 1 map has total uncertainty of 71.70000000000002
At time: 83.0, node 1 map has total uncertainty of 71.70000000000002
At time: 83.0, node 0 map has total uncertainty of 71.70000000000002
At time: 83.5, node 1 map has total uncertainty of 71.70000000000002
At time: 83.5, node 0 map has total uncertainty of 71.70000000000002
At time: 84.0, node 0 map has total uncertainty of 71.70000000000002
At time: 84.0, node 1 map has total uncertainty of 71.70000000000002
At time: 84.5, node 0 map has total uncertainty of 71.70000000000002
At time: 84.5, node 1 map has total uncertainty of 71.70000000000002
At time: 84.5, node 1 map has total uncertainty of 70.25000000000003
At time: 85.0, node 1 map has total uncertainty of 70.25000000000003
At time: 85.0, node 0 map has total uncertainty of 71.70000000000002
At time: 85.0, node 0 map has total uncertainty of 70.25000000000003
At time: 85.5, node 1 map has total uncertainty of 70.25000000000003
At time: 85.5, node 1 map has total uncertainty of 68.80000000000001
At time: 85.5, node 0 map has total uncertainty of 70.25000000000003
At time: 86.0, node 0 map has total uncertainty of 68.80000000000003
At time: 86.0, node 1 map has total uncertainty of 68.80000000000001
At time: 86.5, node 0 map has total uncertainty of 67.35000000000002
At time: 86.5, node 1 map has total uncertainty of 67.35000000000002
At time: 87.0, node 1 map has total uncertainty of 67.35000000000002
At time: 87.0, node 0 map has total uncertainty of 67.35000000000002
At time: 87.5, node 1 map has total uncertainty of 67.35000000000002
At time: 87.5, node 0 map has total uncertainty of 67.35000000000002
At time: 88.0, node 0 map has total uncertainty of 67.35000000000002
At time: 88.0, node 1 map has total uncertainty of 67.35000000000002
At time: 88.5, node 0 map has total uncertainty of 67.35000000000002
At time: 88.5, node 0 map has total uncertainty of 65.90000000000002
At time: 88.5, node 1 map has total uncertainty of 67.35000000000002
At time: 88.5, node 1 map has total uncertainty of 65.90000000000002
At time: 89.0, node 1 map has total uncertainty of 65.90000000000002
At time: 89.0, node 0 map has total uncertainty of 65.90000000000002
At time: 89.5, node 1 map has total uncertainty of 64.45000000000002
At time: 89.5, node 0 map has total uncertainty of 64.45000000000002
At time: 90.0, node 0 map has a total of 48 cell abouve threshold
At time: 90.0, the node 0 has 41.0 unvisited cells
At time: 90.0, node 0 map has total uncertainty of 68.90000000000002
At time: 90.0, node 1 map has a total of 48 cell abouve threshold
At time: 90.0, the node 1 has 41.0 unvisited cells
At time: 90.0, node 1 map has total uncertainty of 68.90000000000002
At time: 90.5, node 0 map has total uncertainty of 67.35000000000002
At time: 90.5, node 0 map has total uncertainty of 67.35000000000002
At time: 90.5, node 1 map has total uncertainty of 68.85000000000002
At time: 90.5, node 1 map has total uncertainty of 67.35000000000001
At time: 91.0, node 1 map has total uncertainty of 67.35000000000001
At time: 91.0, node 0 map has total uncertainty of 67.35000000000002
At time: 91.5, node 1 map has total uncertainty of 65.85000000000001
At time: 91.5, node 0 map has total uncertainty of 65.85000000000001
At time: 92.0, node 0 map has total uncertainty of 65.85000000000001
At time: 92.0, node 1 map has total uncertainty of 65.85000000000001
At time: 92.5, node 0 map has total uncertainty of 65.85000000000001
At time: 92.5, node 1 map has total uncertainty of 64.35000000000001
At time: 92.5, node 1 map has total uncertainty of 64.35000000000001
At time: 93.0, node 1 map has total uncertainty of 64.35000000000001
At time: 93.0, node 0 map has total uncertainty of 64.35000000000001
At time: 93.0, node 0 map has total uncertainty of 62.85000000000001
At time: 93.5, node 1 map has total uncertainty of 62.85000000000001
At time: 93.5, node 0 map has total uncertainty of 62.85000000000001
At time: 94.0, node 0 map has total uncertainty of 61.35000000000001
At time: 94.0, node 1 map has total uncertainty of 62.85000000000001
At time: 94.5, node 0 map has total uncertainty of 61.35000000000001
At time: 94.5, node 1 map has total uncertainty of 61.35000000000001
At time: 95.0, node 1 map has total uncertainty of 61.35000000000001
At time: 95.0, node 0 map has total uncertainty of 61.35000000000001
At time: 95.5, node 1 map has total uncertainty of 61.35000000000001
At time: 95.5, node 0 map has total uncertainty of 59.85000000000001
At time: 95.5, node 0 map has total uncertainty of 59.85000000000001
At time: 96.0, node 0 map has total uncertainty of 59.85000000000001
At time: 96.0, node 1 map has total uncertainty of 59.85000000000001
At time: 96.5, node 0 map has total uncertainty of 59.85000000000001
At time: 96.5, node 0 map has total uncertainty of 58.35000000000001
At time: 96.5, node 1 map has total uncertainty of 59.85000000000001
At time: 97.0, node 1 map has total uncertainty of 58.35000000000001
At time: 97.0, node 0 map has total uncertainty of 58.35000000000001
At time: 97.5, node 0 map has total uncertainty of 56.85000000000001
At time: 97.5, node 1 map has total uncertainty of 56.85000000000001
At time: 98.0, node 1 map has total uncertainty of 56.85000000000001
At time: 98.0, node 0 map has total uncertainty of 56.85000000000001
At time: 98.5, node 0 map has total uncertainty of 56.85000000000001
At time: 98.5, node 1 map has total uncertainty of 56.85000000000001
At time: 99.0, node 1 map has total uncertainty of 56.85000000000001
At time: 99.0, node 0 map has total uncertainty of 56.85000000000001
At time: 99.5, node 0 map has total uncertainty of 56.85000000000001
At time: 99.5, node 1 map has total uncertainty of 56.85000000000001
At time: 100.0, node 1 map has total uncertainty of 56.85000000000001
At time: 100.0, node 1 map has a total of 49 cell abouve threshold
At time: 100.0, the node 1 has 33.0 unvisited cells
At time: 100.0, node 0 map has a total of 49 cell abouve threshold
At time: 100.0, the node 0 has 33.0 unvisited cells
At time: 100.0, node 0 map has total uncertainty of 61.300000000000004
At time: 100.5, node 0 map has total uncertainty of 61.300000000000004
At time: 100.5, node 1 map has total uncertainty of 59.75
At time: 100.5, node 1 map has total uncertainty of 59.7
At time: 101.0, node 1 map has total uncertainty of 59.7
At time: 101.0, node 0 map has total uncertainty of 61.25
At time: 101.0, node 0 map has total uncertainty of 59.7
At time: 101.5, node 1 map has total uncertainty of 59.7
At time: 101.5, node 0 map has total uncertainty of 58.150000000000006
At time: 102.0, node 0 map has total uncertainty of 56.60000000000001
At time: 102.0, node 1 map has total uncertainty of 56.60000000000001
At time: 102.5, node 0 map has total uncertainty of 56.60000000000001
At time: 102.5, node 1 map has total uncertainty of 56.60000000000001
At time: 103.0, node 1 map has total uncertainty of 56.60000000000001
At time: 103.0, node 0 map has total uncertainty of 56.60000000000001
At time: 103.5, node 1 map has total uncertainty of 56.60000000000001
At time: 103.5, node 0 map has total uncertainty of 56.60000000000001
At time: 104.0, node 0 map has total uncertainty of 56.60000000000001
At time: 104.0, node 1 map has total uncertainty of 56.60000000000001
At time: 104.5, node 0 map has total uncertainty of 56.60000000000001
At time: 104.5, node 1 map has total uncertainty of 55.050000000000004
At time: 104.5, node 1 map has total uncertainty of 55.050000000000004
At time: 105.0, node 1 map has total uncertainty of 55.050000000000004
At time: 105.0, node 0 map has total uncertainty of 55.05
At time: 105.5, node 1 map has total uncertainty of 53.5
At time: 105.5, node 0 map has total uncertainty of 53.5
At time: 106.0, node 0 map has total uncertainty of 53.5
At time: 106.0, node 1 map has total uncertainty of 51.95
At time: 106.5, node 1 map has total uncertainty of 51.95
At time: 106.5, node 0 map has total uncertainty of 53.5
At time: 107.0, node 0 map has total uncertainty of 53.5
At time: 107.0, node 1 map has total uncertainty of 51.95
At time: 107.5, node 1 map has total uncertainty of 51.95
At time: 107.5, node 0 map has total uncertainty of 51.95
At time: 108.0, node 0 map has total uncertainty of 51.95
At time: 108.0, node 1 map has total uncertainty of 51.95
At time: 108.5, node 1 map has total uncertainty of 51.95
At time: 108.5, node 1 map has total uncertainty of 50.4
At time: 108.5, node 0 map has total uncertainty of 51.95
At time: 109.0, node 0 map has total uncertainty of 51.95
At time: 109.0, node 0 map has total uncertainty of 51.95
At time: 109.0, node 1 map has total uncertainty of 50.4
At time: 109.5, node 1 map has total uncertainty of 50.4
At time: 109.5, node 0 map has total uncertainty of 50.4
At time: 110.0, node 1 map has a total of 48 cell abouve threshold
At time: 110.0, the node 1 has 26.0 unvisited cells
At time: 110.0, node 0 map has total uncertainty of 48.85
At time: 110.0, node 0 map has a total of 49 cell abouve threshold
At time: 110.0, the node 0 has 25.0 unvisited cells
At time: 110.0, node 1 map has total uncertainty of 54.85000000000001
At time: 110.5, node 1 map has total uncertainty of 53.3
At time: 110.5, node 1 map has total uncertainty of 53.25
At time: 110.5, node 0 map has total uncertainty of 53.25
At time: 111.0, node 0 map has total uncertainty of 53.25
At time: 111.0, node 1 map has total uncertainty of 53.25
At time: 111.5, node 1 map has total uncertainty of 53.25
At time: 111.5, node 0 map has total uncertainty of 53.25
At time: 112.0, node 0 map has total uncertainty of 53.25
At time: 112.0, node 1 map has total uncertainty of 53.25
At time: 112.5, node 1 map has total uncertainty of 53.25
At time: 112.5, node 1 map has total uncertainty of 53.2
At time: 112.5, node 0 map has total uncertainty of 53.25
At time: 112.5, node 0 map has total uncertainty of 53.2
At time: 113.0, node 0 map has total uncertainty of 53.2
At time: 113.0, node 1 map has total uncertainty of 53.2
At time: 113.5, node 0 map has total uncertainty of 53.2
At time: 113.5, node 0 map has total uncertainty of 53.150000000000006
At time: 113.5, node 1 map has total uncertainty of 53.2
At time: 113.5, node 1 map has total uncertainty of 53.150000000000006
At time: 114.0, node 1 map has total uncertainty of 53.150000000000006
At time: 114.0, node 0 map has total uncertainty of 53.150000000000006
At time: 114.5, node 1 map has total uncertainty of 53.150000000000006
At time: 114.5, node 1 map has total uncertainty of 51.550000000000004
At time: 114.5, node 0 map has total uncertainty of 53.150000000000006
At time: 114.5, node 0 map has total uncertainty of 51.550000000000004
At time: 115.0, node 0 map has total uncertainty of 51.550000000000004
At time: 115.0, node 1 map has total uncertainty of 51.550000000000004
At time: 115.5, node 0 map has total uncertainty of 51.550000000000004
At time: 115.5, node 0 map has total uncertainty of 51.00000000000001
At time: 115.5, node 1 map has total uncertainty of 51.550000000000004
At time: 115.5, node 1 map has total uncertainty of 51.00000000000001
At time: 116.0, node 1 map has total uncertainty of 51.00000000000001
At time: 116.0, node 0 map has total uncertainty of 51.00000000000001
At time: 116.5, node 1 map has total uncertainty of 51.00000000000001
At time: 116.5, node 1 map has total uncertainty of 50.50000000000001
At time: 116.5, node 0 map has total uncertainty of 51.00000000000001
At time: 117.0, node 0 map has total uncertainty of 50.50000000000001
At time: 117.0, node 0 map has total uncertainty of 50.00000000000001
At time: 117.0, node 1 map has total uncertainty of 50.50000000000001
At time: 117.5, node 1 map has total uncertainty of 50.00000000000001
At time: 117.5, node 1 map has total uncertainty of 48.400000000000006
At time: 117.5, node 0 map has total uncertainty of 50.00000000000001
At time: 118.0, node 0 map has total uncertainty of 48.400000000000006
At time: 118.0, node 1 map has total uncertainty of 48.400000000000006
At time: 118.5, node 1 map has total uncertainty of 46.800000000000004
At time: 118.5, node 0 map has total uncertainty of 46.800000000000004
At time: 119.0, node 0 map has total uncertainty of 46.800000000000004
At time: 119.0, node 1 map has total uncertainty of 46.800000000000004
At time: 119.5, node 0 map has total uncertainty of 46.800000000000004
At time: 119.5, node 1 map has total uncertainty of 46.800000000000004
At time: 120.0, node 1 map has total uncertainty of 46.800000000000004
At time: 120.0, node 1 map has a total of 47 cell abouve threshold
At time: 120.0, the node 1 has 22.0 unvisited cells
At time: 120.0, node 0 map has a total of 47 cell abouve threshold
At time: 120.0, the node 0 has 22.0 unvisited cells
At time: 120.0, node 0 map has total uncertainty of 51.24999999999999
At time: 120.5, node 1 map has total uncertainty of 51.199999999999996
At time: 120.5, node 1 map has total uncertainty of 49.55
At time: 120.5, node 0 map has total uncertainty of 51.24999999999999
At time: 120.5, node 0 map has total uncertainty of 49.599999999999994
At time: 121.0, node 0 map has total uncertainty of 49.599999999999994
At time: 121.0, node 1 map has total uncertainty of 49.55
At time: 121.5, node 0 map has total uncertainty of 47.9
At time: 121.5, node 1 map has total uncertainty of 47.9
At time: 122.0, node 1 map has total uncertainty of 47.9
At time: 122.0, node 0 map has total uncertainty of 47.9
At time: 122.5, node 1 map has total uncertainty of 47.9
At time: 122.5, node 0 map has total uncertainty of 47.9
At time: 123.0, node 0 map has total uncertainty of 47.9
At time: 123.0, node 1 map has total uncertainty of 47.9
At time: 123.5, node 0 map has total uncertainty of 47.9
At time: 123.5, node 1 map has total uncertainty of 47.9
At time: 124.0, node 1 map has total uncertainty of 47.9
At time: 124.0, node 0 map has total uncertainty of 47.9
At time: 124.5, node 1 map has total uncertainty of 47.9
At time: 124.5, node 1 map has total uncertainty of 47.9
At time: 124.5, node 0 map has total uncertainty of 47.9
At time: 125.0, node 0 map has total uncertainty of 46.25
At time: 125.0, node 1 map has total uncertainty of 47.9
At time: 125.5, node 0 map has total uncertainty of 46.25
At time: 125.5, node 1 map has total uncertainty of 44.599999999999994
At time: 125.5, node 1 map has total uncertainty of 44.599999999999994
At time: 126.0, node 1 map has total uncertainty of 44.599999999999994
At time: 126.0, node 0 map has total uncertainty of 44.599999999999994
At time: 126.5, node 0 map has total uncertainty of 44.599999999999994
At time: 126.5, node 1 map has total uncertainty of 44.599999999999994
At time: 127.0, node 1 map has total uncertainty of 44.599999999999994
At time: 127.0, node 0 map has total uncertainty of 44.599999999999994
At time: 127.5, node 0 map has total uncertainty of 44.599999999999994
At time: 127.5, node 1 map has total uncertainty of 44.599999999999994
At time: 128.0, node 1 map has total uncertainty of 44.599999999999994
At time: 128.0, node 0 map has total uncertainty of 44.599999999999994
At time: 128.5, node 0 map has total uncertainty of 42.949999999999996
At time: 128.5, node 0 map has total uncertainty of 42.949999999999996
At time: 128.5, node 1 map has total uncertainty of 42.949999999999996
At time: 128.5, node 1 map has total uncertainty of 42.949999999999996
At time: 129.0, node 1 map has total uncertainty of 42.949999999999996
At time: 129.0, node 0 map has total uncertainty of 41.3
At time: 129.5, node 0 map has total uncertainty of 41.3
At time: 129.5, node 1 map has total uncertainty of 41.3
At time: 130.0, node 1 map has a total of 46 cell abouve threshold
At time: 130.0, the node 1 has 16.0 unvisited cells
At time: 130.0, node 0 map has a total of 46 cell abouve threshold
At time: 130.0, the node 0 has 16.0 unvisited cells
At time: 130.0, node 1 map has total uncertainty of 45.75
At time: 130.0, node 0 map has total uncertainty of 45.75
At time: 130.5, node 0 map has total uncertainty of 44.0
At time: 130.5, node 0 map has total uncertainty of 44.0
At time: 130.5, node 1 map has total uncertainty of 44.05
At time: 130.5, node 1 map has total uncertainty of 44.05
At time: 131.0, node 1 map has total uncertainty of 44.05
At time: 131.0, node 0 map has total uncertainty of 44.0
At time: 131.5, node 0 map has total uncertainty of 42.3
At time: 131.5, node 1 map has total uncertainty of 42.3
At time: 132.0, node 1 map has total uncertainty of 42.3
At time: 132.0, node 0 map has total uncertainty of 42.3
At time: 132.5, node 0 map has total uncertainty of 41.64999999999999
At time: 132.5, node 0 map has total uncertainty of 41.64999999999999
At time: 132.5, node 1 map has total uncertainty of 42.3
At time: 133.0, node 1 map has total uncertainty of 41.64999999999999
At time: 133.0, node 1 map has total uncertainty of 41.05
At time: 133.0, node 0 map has total uncertainty of 41.05
At time: 133.5, node 0 map has total uncertainty of 39.349999999999994
At time: 133.5, node 0 map has total uncertainty of 39.349999999999994
At time: 133.5, node 1 map has total uncertainty of 41.05
At time: 134.0, node 1 map has total uncertainty of 39.349999999999994
At time: 134.0, node 0 map has total uncertainty of 39.349999999999994
At time: 134.5, node 0 map has total uncertainty of 37.64999999999999
At time: 134.5, node 0 map has total uncertainty of 37.64999999999999
At time: 134.5, node 1 map has total uncertainty of 39.349999999999994
At time: 135.0, node 1 map has total uncertainty of 39.349999999999994
At time: 135.0, node 0 map has total uncertainty of 37.64999999999999
At time: 135.5, node 1 map has total uncertainty of 37.64999999999999
At time: 135.5, node 1 map has total uncertainty of 37.64999999999999
At time: 135.5, node 0 map has total uncertainty of 35.949999999999996
At time: 135.5, node 0 map has total uncertainty of 35.949999999999996
At time: 136.0, node 0 map has total uncertainty of 35.949999999999996
At time: 136.0, node 1 map has total uncertainty of 35.949999999999996
At time: 136.5, node 1 map has total uncertainty of 35.449999999999996
At time: 136.5, node 1 map has total uncertainty of 35.449999999999996
At time: 136.5, node 0 map has total uncertainty of 35.949999999999996
At time: 137.0, node 0 map has total uncertainty of 35.949999999999996
At time: 137.0, node 0 map has total uncertainty of 35.39999999999999
At time: 137.0, node 1 map has total uncertainty of 35.449999999999996
At time: 137.5, node 0 map has total uncertainty of 34.89999999999999
At time: 137.5, node 1 map has total uncertainty of 33.19999999999999
At time: 137.5, node 1 map has total uncertainty of 33.19999999999999
At time: 138.0, node 1 map has total uncertainty of 33.19999999999999
At time: 138.0, node 0 map has total uncertainty of 34.3
At time: 138.5, node 1 map has total uncertainty of 33.19999999999999
At time: 138.5, node 0 map has total uncertainty of 34.3
At time: 139.0, node 0 map has total uncertainty of 34.3
At time: 139.0, node 1 map has total uncertainty of 33.19999999999999
At time: 139.5, node 0 map has total uncertainty of 34.3
At time: 139.5, node 1 map has total uncertainty of 33.19999999999999
At time: 140.0, node 1 map has total uncertainty of 33.19999999999999
At time: 140.0, node 0 map has a total of 47 cell abouve threshold
At time: 140.0, the node 0 has 11.0 unvisited cells
At time: 140.0, node 1 map has a total of 47 cell abouve threshold
At time: 140.0, the node 1 has 10.0 unvisited cells
At time: 140.0, node 0 map has total uncertainty of 38.75
At time: 140.5, node 1 map has total uncertainty of 37.2
At time: 140.5, node 1 map has total uncertainty of 37.15
At time: 140.5, node 0 map has total uncertainty of 38.7
At time: 140.5, node 0 map has total uncertainty of 38.7
At time: 141.0, node 0 map has total uncertainty of 38.7
At time: 141.0, node 1 map has total uncertainty of 37.15
At time: 141.5, node 1 map has total uncertainty of 36.7
At time: 141.5, node 1 map has total uncertainty of 36.7
At time: 142.0, node 1 map has total uncertainty of 36.7
At time: 142.0, node 0 map has total uncertainty of 38.65
At time: 142.5, node 1 map has total uncertainty of 36.25
At time: 142.5, node 1 map has total uncertainty of 36.25
At time: 142.5, node 0 map has total uncertainty of 38.65
At time: 143.0, node 0 map has total uncertainty of 36.9
At time: 143.0, node 1 map has total uncertainty of 36.25
At time: 143.5, node 0 map has total uncertainty of 36.9
At time: 143.5, node 1 map has total uncertainty of 35.849999999999994
At time: 143.5, node 1 map has total uncertainty of 35.849999999999994
At time: 144.0, node 1 map has total uncertainty of 35.849999999999994
At time: 144.0, node 0 map has total uncertainty of 36.9
At time: 144.5, node 1 map has total uncertainty of 35.45
At time: 144.5, node 1 map has total uncertainty of 35.45
At time: 144.5, node 0 map has total uncertainty of 36.9
At time: 145.0, node 0 map has total uncertainty of 36.9
At time: 145.0, node 1 map has total uncertainty of 35.45
At time: 145.5, node 0 map has total uncertainty of 36.9
At time: 145.5, node 1 map has total uncertainty of 34.449999999999996
At time: 145.5, node 1 map has total uncertainty of 34.449999999999996
At time: 146.0, node 1 map has total uncertainty of 34.449999999999996
At time: 146.0, node 0 map has total uncertainty of 36.35
At time: 146.5, node 1 map has total uncertainty of 34.449999999999996
At time: 146.5, node 0 map has total uncertainty of 36.35
At time: 147.0, node 0 map has total uncertainty of 36.35
At time: 147.0, node 1 map has total uncertainty of 34.449999999999996
At time: 147.5, node 0 map has total uncertainty of 36.35
At time: 147.5, node 1 map has total uncertainty of 34.449999999999996
At time: 148.0, node 1 map has total uncertainty of 34.449999999999996
At time: 148.0, node 0 map has total uncertainty of 36.35
At time: 148.5, node 1 map has total uncertainty of 34.449999999999996
At time: 148.5, node 0 map has total uncertainty of 36.35
At time: 149.0, node 0 map has total uncertainty of 36.35
At time: 149.0, node 1 map has total uncertainty of 34.449999999999996
At time: 149.5, node 0 map has total uncertainty of 36.35
At time: 149.5, node 1 map has total uncertainty of 34.449999999999996
At time: 150.0, node 0 map has a total of 42 cell abouve threshold
At time: 150.0, the node 0 has 10.0 unvisited cells
At time: 150.0, node 1 map has total uncertainty of 34.449999999999996
At time: 150.0, node 1 map has a total of 46 cell abouve threshold
At time: 150.0, the node 1 has 9.0 unvisited cells
At time: 150.0, node 0 map has total uncertainty of 40.800000000000004
At time: 150.5, node 1 map has total uncertainty of 38.00000000000001
At time: 150.5, node 1 map has total uncertainty of 37.95
At time: 150.5, node 0 map has total uncertainty of 40.800000000000004
At time: 150.5, node 0 map has total uncertainty of 40.2
At time: 151.0, node 0 map has total uncertainty of 40.2
At time: 151.0, node 1 map has total uncertainty of 37.95
At time: 151.5, node 0 map has total uncertainty of 40.2
At time: 151.5, node 1 map has total uncertainty of 37.95
At time: 152.0, node 1 map has total uncertainty of 37.95
At time: 152.0, node 0 map has total uncertainty of 40.2
At time: 152.5, node 1 map has total uncertainty of 37.95
At time: 152.5, node 0 map has total uncertainty of 40.2
At time: 153.0, node 0 map has total uncertainty of 40.2
At time: 153.0, node 1 map has total uncertainty of 37.95
At time: 153.5, node 0 map has total uncertainty of 40.2
At time: 153.5, node 1 map has total uncertainty of 37.95
At time: 154.0, node 1 map has total uncertainty of 37.95
At time: 154.0, node 0 map has total uncertainty of 40.2
At time: 154.5, node 1 map has total uncertainty of 37.95
At time: 154.5, node 0 map has total uncertainty of 40.2
At time: 155.0, node 0 map has total uncertainty of 40.2
At time: 155.0, node 1 map has total uncertainty of 37.95
At time: 155.5, node 0 map has total uncertainty of 40.2
At time: 155.5, node 0 map has total uncertainty of 39.6
At time: 155.5, node 1 map has total uncertainty of 36.95
At time: 155.5, node 1 map has total uncertainty of 36.95
At time: 156.0, node 1 map has total uncertainty of 36.95
At time: 156.0, node 0 map has total uncertainty of 39.6
At time: 156.5, node 1 map has total uncertainty of 36.95
At time: 156.5, node 0 map has total uncertainty of 39.6
At time: 157.0, node 0 map has total uncertainty of 39.6
At time: 157.0, node 1 map has total uncertainty of 36.95
At time: 157.5, node 0 map has total uncertainty of 39.6
At time: 157.5, node 1 map has total uncertainty of 36.95
At time: 158.0, node 1 map has total uncertainty of 36.95
At time: 158.0, node 0 map has total uncertainty of 39.6
At time: 158.5, node 1 map has total uncertainty of 36.95
At time: 158.5, node 0 map has total uncertainty of 39.6
At time: 159.0, node 0 map has total uncertainty of 39.6
At time: 159.0, node 1 map has total uncertainty of 36.95
At time: 159.5, node 1 map has total uncertainty of 36.95
At time: 159.5, node 0 map has total uncertainty of 39.6
At time: 160.0, node 0 map has a total of 36 cell abouve threshold
At time: 160.0, the node 0 has 10.0 unvisited cells
At time: 160.0, node 0 map has total uncertainty of 44.05
At time: 160.0, node 1 map has a total of 40 cell abouve threshold
At time: 160.0, the node 1 has 7.0 unvisited cells
At time: 160.0, node 1 map has total uncertainty of 41.550000000000004
At time: 160.5, node 0 map has total uncertainty of 44.05
At time: 160.5, node 0 map has total uncertainty of 43.35000000000001
At time: 160.5, node 1 map has total uncertainty of 41.550000000000004
At time: 160.5, node 1 map has total uncertainty of 41.5
At time: 161.0, node 1 map has total uncertainty of 41.5
At time: 161.0, node 0 map has total uncertainty of 43.35000000000001
At time: 161.5, node 1 map has total uncertainty of 41.5
At time: 161.5, node 1 map has total uncertainty of 41.45
At time: 161.5, node 0 map has total uncertainty of 43.35000000000001
At time: 162.0, node 0 map has total uncertainty of 43.35000000000001
At time: 162.0, node 1 map has total uncertainty of 41.45
At time: 162.5, node 0 map has total uncertainty of 43.35000000000001
At time: 162.5, node 1 map has total uncertainty of 41.45
At time: 162.5, node 1 map has total uncertainty of 40.45
At time: 163.0, node 1 map has total uncertainty of 40.45
At time: 163.0, node 0 map has total uncertainty of 43.35000000000001
At time: 163.5, node 1 map has total uncertainty of 40.45
At time: 163.5, node 0 map has total uncertainty of 43.35000000000001
At time: 164.0, node 0 map has total uncertainty of 43.35000000000001
At time: 164.0, node 1 map has total uncertainty of 40.45
At time: 164.5, node 0 map has total uncertainty of 43.35000000000001
At time: 164.5, node 1 map has total uncertainty of 40.45
At time: 165.0, node 1 map has total uncertainty of 40.45
At time: 165.0, node 0 map has total uncertainty of 43.35000000000001
At time: 165.5, node 1 map has total uncertainty of 40.45
At time: 165.5, node 1 map has total uncertainty of 39.45
At time: 165.5, node 0 map has total uncertainty of 43.35000000000001
At time: 165.5, node 0 map has total uncertainty of 42.650000000000006
At time: 166.0, node 0 map has total uncertainty of 42.650000000000006
At time: 166.0, node 1 map has total uncertainty of 39.45
At time: 166.5, node 0 map has total uncertainty of 42.650000000000006
At time: 166.5, node 1 map has total uncertainty of 39.45
At time: 167.0, node 1 map has total uncertainty of 39.45
At time: 167.0, node 0 map has total uncertainty of 42.650000000000006
At time: 167.5, node 1 map has total uncertainty of 39.45
At time: 167.5, node 0 map has total uncertainty of 42.650000000000006
At time: 168.0, node 0 map has total uncertainty of 42.650000000000006
At time: 168.0, node 1 map has total uncertainty of 39.45
At time: 168.5, node 0 map has total uncertainty of 42.650000000000006
At time: 168.5, node 1 map has total uncertainty of 39.45
At time: 169.0, node 1 map has total uncertainty of 39.45
At time: 169.0, node 0 map has total uncertainty of 42.650000000000006
At time: 169.5, node 1 map has total uncertainty of 39.45
At time: 169.5, node 0 map has total uncertainty of 42.650000000000006
At time: 170.0, node 0 map has total uncertainty of 42.650000000000006
At time: 170.0, node 1 map has a total of 36 cell abouve threshold
At time: 170.0, the node 1 has 5.0 unvisited cells
At time: 170.0, node 0 map has a total of 32 cell abouve threshold
At time: 170.0, the node 0 has 10.0 unvisited cells
At time: 170.0, node 1 map has total uncertainty of 44.14999999999999
At time: 170.5, node 0 map has total uncertainty of 47.099999999999994
At time: 170.5, node 1 map has total uncertainty of 44.14999999999999
At time: 170.5, node 1 map has total uncertainty of 43.14999999999999
At time: 171.0, node 1 map has total uncertainty of 43.14999999999999
At time: 171.0, node 0 map has total uncertainty of 46.24999999999999
At time: 171.5, node 1 map has total uncertainty of 43.14999999999999
At time: 171.5, node 0 map has total uncertainty of 46.24999999999999
At time: 172.0, node 0 map has total uncertainty of 46.24999999999999
At time: 172.0, node 1 map has total uncertainty of 43.14999999999999
At time: 172.5, node 0 map has total uncertainty of 46.24999999999999
At time: 172.5, node 1 map has total uncertainty of 43.14999999999999
At time: 173.0, node 1 map has total uncertainty of 43.14999999999999
At time: 173.0, node 0 map has total uncertainty of 46.24999999999999
At time: 173.5, node 1 map has total uncertainty of 43.14999999999999
At time: 173.5, node 0 map has total uncertainty of 46.24999999999999
At time: 174.0, node 0 map has total uncertainty of 46.24999999999999
At time: 174.0, node 1 map has total uncertainty of 43.14999999999999
At time: 174.5, node 0 map has total uncertainty of 46.24999999999999
At time: 174.5, node 1 map has total uncertainty of 43.14999999999999
At time: 175.0, node 1 map has total uncertainty of 43.14999999999999
At time: 175.0, node 0 map has total uncertainty of 46.24999999999999
At time: 175.5, node 1 map has total uncertainty of 43.14999999999999
At time: 175.5, node 1 map has total uncertainty of 42.14999999999999
At time: 175.5, node 0 map has total uncertainty of 45.849999999999994
At time: 175.5, node 0 map has total uncertainty of 45.849999999999994
At time: 176.0, node 0 map has total uncertainty of 45.849999999999994
At time: 176.0, node 1 map has total uncertainty of 42.14999999999999
At time: 176.5, node 0 map has total uncertainty of 45.44999999999999
At time: 176.5, node 0 map has total uncertainty of 45.44999999999999
At time: 176.5, node 1 map has total uncertainty of 42.14999999999999
At time: 177.0, node 1 map has total uncertainty of 42.14999999999999
At time: 177.0, node 0 map has total uncertainty of 45.44999999999999
At time: 177.5, node 1 map has total uncertainty of 42.14999999999999
At time: 177.5, node 0 map has total uncertainty of 45.099999999999994
At time: 177.5, node 0 map has total uncertainty of 45.099999999999994
At time: 178.0, node 0 map has total uncertainty of 45.099999999999994
At time: 178.0, node 1 map has total uncertainty of 42.14999999999999
At time: 178.5, node 0 map has total uncertainty of 44.74999999999999
At time: 178.5, node 0 map has total uncertainty of 44.74999999999999
At time: 178.5, node 1 map has total uncertainty of 42.14999999999999
At time: 179.0, node 1 map has total uncertainty of 42.14999999999999
At time: 179.0, node 0 map has total uncertainty of 35.75
At time: 179.5, node 0 map has total uncertainty of 35.39999999999999
At time: 179.5, node 0 map has total uncertainty of 35.39999999999999
At time: 179.5, node 1 map has total uncertainty of 35.75
At time: 179.5, node 1 map has total uncertainty of 34.75
At time: 180.0, node 1 map has a total of 42 cell abouve threshold
At time: 180.0, the node 1 has 2.0 unvisited cells
At time: 180.0, node 0 map has a total of 42 cell abouve threshold
At time: 180.0, the node 0 has 3.0 unvisited cells
At time: 180.0, node 1 map has total uncertainty of 39.599999999999994
At time: 180.0, node 0 map has total uncertainty of 40.19999999999999
At time: 180.5, node 0 map has total uncertainty of 38.19999999999999
At time: 180.5, node 0 map has total uncertainty of 38.19999999999999
At time: 180.5, node 1 map has total uncertainty of 39.24999999999999
At time: 180.5, node 1 map has total uncertainty of 38.24999999999999
At time: 181.0, node 1 map has total uncertainty of 38.24999999999999
At time: 181.0, node 0 map has total uncertainty of 38.19999999999999
At time: 181.5, node 1 map has total uncertainty of 38.19999999999999
At time: 181.5, node 0 map has total uncertainty of 38.19999999999999
At time: 182.0, node 0 map has total uncertainty of 38.19999999999999
At time: 182.0, node 1 map has total uncertainty of 38.19999999999999
At time: 182.5, node 0 map has total uncertainty of 38.19999999999999
At time: 182.5, node 1 map has total uncertainty of 38.19999999999999
At time: 183.0, node 1 map has total uncertainty of 38.19999999999999
At time: 183.0, node 0 map has total uncertainty of 38.19999999999999
At time: 183.5, node 1 map has total uncertainty of 38.19999999999999
At time: 183.5, node 1 map has total uncertainty of 37.19999999999999
At time: 183.5, node 0 map has total uncertainty of 38.19999999999999
At time: 184.0, node 0 map has total uncertainty of 38.19999999999999
At time: 184.0, node 0 map has total uncertainty of 37.8
At time: 184.0, node 1 map has total uncertainty of 36.8
At time: 184.5, node 0 map has total uncertainty of 36.8
At time: 184.5, node 1 map has total uncertainty of 36.8
At time: 185.0, node 1 map has total uncertainty of 36.8
At time: 185.0, node 0 map has total uncertainty of 36.24999999999999
At time: 185.5, node 1 map has total uncertainty of 36.24999999999999
At time: 185.5, node 1 map has total uncertainty of 35.89999999999999
At time: 185.5, node 0 map has total uncertainty of 36.24999999999999
At time: 186.0, node 0 map has total uncertainty of 36.24999999999999
At time: 186.0, node 1 map has total uncertainty of 35.89999999999999
At time: 186.5, node 1 map has total uncertainty of 35.89999999999999
At time: 186.5, node 0 map has total uncertainty of 35.89999999999999
At time: 187.0, node 0 map has total uncertainty of 35.89999999999999
At time: 187.0, node 1 map has total uncertainty of 35.89999999999999
At time: 187.5, node 1 map has total uncertainty of 35.89999999999999
At time: 187.5, node 1 map has total uncertainty of 35.55
At time: 187.5, node 0 map has total uncertainty of 35.89999999999999
At time: 187.5, node 0 map has total uncertainty of 35.349999999999994
At time: 188.0, node 0 map has total uncertainty of 35.349999999999994
At time: 188.0, node 1 map has total uncertainty of 35.55
At time: 188.5, node 1 map has total uncertainty of 35.0
At time: 188.5, node 0 map has total uncertainty of 35.0
At time: 189.0, node 0 map has total uncertainty of 35.0
At time: 189.0, node 1 map has total uncertainty of 35.0
At time: 189.5, node 1 map has total uncertainty of 35.0
At time: 189.5, node 0 map has total uncertainty of 35.0
At time: 190.0, node 1 map has a total of 44 cell abouve threshold
At time: 190.0, the node 1 has 0.0 unvisited cells
At time: 190.0, node 0 map has total uncertainty of 35.0
At time: 190.0, node 0 map has a total of 44 cell abouve threshold
At time: 190.0, the node 0 has 0.0 unvisited cells
At time: 190.0, node 1 map has total uncertainty of 39.95
At time: 190.5, node 1 map has total uncertainty of 39.95
At time: 190.5, node 1 map has total uncertainty of 39.55
At time: 190.5, node 0 map has total uncertainty of 39.9
At time: 191.0, node 0 map has total uncertainty of 39.25
At time: 191.0, node 1 map has total uncertainty of 39.55
At time: 191.5, node 0 map has total uncertainty of 39.25
At time: 191.5, node 1 map has total uncertainty of 39.55
At time: 192.0, node 1 map has total uncertainty of 39.55
At time: 192.0, node 0 map has total uncertainty of 39.25
At time: 192.5, node 1 map has total uncertainty of 39.55
At time: 192.5, node 0 map has total uncertainty of 39.25
At time: 193.0, node 0 map has total uncertainty of 39.25
At time: 193.0, node 1 map has total uncertainty of 39.55
At time: 193.5, node 0 map has total uncertainty of 39.25
At time: 193.5, node 1 map has total uncertainty of 39.55
At time: 194.0, node 1 map has total uncertainty of 39.55
At time: 194.0, node 0 map has total uncertainty of 39.25
At time: 194.5, node 1 map has total uncertainty of 39.55
At time: 194.5, node 0 map has total uncertainty of 39.25
At time: 195.0, node 0 map has total uncertainty of 39.25
At time: 195.0, node 1 map has total uncertainty of 39.55
At time: 195.5, node 0 map has total uncertainty of 38.599999999999994
At time: 195.5, node 0 map has total uncertainty of 38.599999999999994
At time: 195.5, node 1 map has total uncertainty of 39.45
At time: 195.5, node 1 map has total uncertainty of 39.45
At time: 196.0, node 1 map has total uncertainty of 39.45
At time: 196.0, node 0 map has total uncertainty of 38.599999999999994
At time: 196.5, node 1 map has total uncertainty of 39.0
At time: 196.5, node 1 map has total uncertainty of 39.0
At time: 196.5, node 0 map has total uncertainty of 38.599999999999994
At time: 197.0, node 0 map has total uncertainty of 38.599999999999994
At time: 197.0, node 1 map has total uncertainty of 39.0
At time: 197.5, node 0 map has total uncertainty of 38.599999999999994
At time: 197.5, node 1 map has total uncertainty of 38.400000000000006
At time: 197.5, node 1 map has total uncertainty of 38.400000000000006
At time: 198.0, node 1 map has total uncertainty of 38.400000000000006
At time: 198.0, node 0 map has total uncertainty of 38.599999999999994
At time: 198.5, node 1 map has total uncertainty of 36.45
At time: 198.5, node 1 map has total uncertainty of 36.45
At time: 198.5, node 0 map has total uncertainty of 37.05
At time: 199.0, node 0 map has total uncertainty of 36.45
At time: 199.0, node 1 map has total uncertainty of 35.85
At time: 199.5, node 0 map has total uncertainty of 35.85
At time: 199.5, node 1 map has total uncertainty of 35.85
At time: 200.0, node 1 map has a total of 42 cell abouve threshold
At time: 200.0, the node 1 has 0.0 unvisited cells
At time: 200.0, node 1 map has total uncertainty of 40.800000000000004
At time: 200.0, node 0 map has a total of 42 cell abouve threshold
At time: 200.0, the node 0 has 0.0 unvisited cells
At time: 200.0, node 0 map has total uncertainty of 40.800000000000004
At time: 200.5, node 1 map has total uncertainty of 40.800000000000004
At time: 200.5, node 0 map has total uncertainty of 40.050000000000004
At time: 200.5, node 0 map has total uncertainty of 40.050000000000004
At time: 201.0, node 0 map has total uncertainty of 40.050000000000004
At time: 201.0, node 1 map has total uncertainty of 40.10000000000001
At time: 201.5, node 0 map has total uncertainty of 40.050000000000004
At time: 201.5, node 1 map has total uncertainty of 40.050000000000004
At time: 202.0, node 1 map has total uncertainty of 40.050000000000004
At time: 202.0, node 0 map has total uncertainty of 40.050000000000004
At time: 202.5, node 1 map has total uncertainty of 39.35
At time: 202.5, node 1 map has total uncertainty of 39.35
At time: 202.5, node 0 map has total uncertainty of 40.050000000000004
At time: 203.0, node 0 map has total uncertainty of 39.35000000000001
At time: 203.0, node 1 map has total uncertainty of 39.35
At time: 203.5, node 0 map has total uncertainty of 38.650000000000006
At time: 203.5, node 1 map has total uncertainty of 38.650000000000006
At time: 204.0, node 1 map has total uncertainty of 38.650000000000006
At time: 204.0, node 0 map has total uncertainty of 38.650000000000006
At time: 204.5, node 1 map has total uncertainty of 38.650000000000006
At time: 204.5, node 0 map has total uncertainty of 38.650000000000006
At time: 205.0, node 0 map has total uncertainty of 38.650000000000006
At time: 205.0, node 1 map has total uncertainty of 38.650000000000006
At time: 205.5, node 0 map has total uncertainty of 38.35
At time: 205.5, node 0 map has total uncertainty of 38.35
At time: 205.5, node 1 map has total uncertainty of 38.35
At time: 205.5, node 1 map has total uncertainty of 38.35
At time: 206.0, node 1 map has total uncertainty of 38.35
At time: 206.0, node 0 map has total uncertainty of 38.35
At time: 206.5, node 1 map has total uncertainty of 37.300000000000004
At time: 206.5, node 1 map has total uncertainty of 37.300000000000004
At time: 206.5, node 0 map has total uncertainty of 37.300000000000004
At time: 206.5, node 0 map has total uncertainty of 37.300000000000004
At time: 207.0, node 0 map has total uncertainty of 37.300000000000004
At time: 207.0, node 1 map has total uncertainty of 36.550000000000004
At time: 207.5, node 1 map has total uncertainty of 36.550000000000004
At time: 207.5, node 0 map has total uncertainty of 36.550000000000004
At time: 208.0, node 0 map has total uncertainty of 36.550000000000004
At time: 208.0, node 1 map has total uncertainty of 36.550000000000004
At time: 208.5, node 1 map has total uncertainty of 36.550000000000004
At time: 208.5, node 0 map has total uncertainty of 36.550000000000004
At time: 209.0, node 0 map has total uncertainty of 36.550000000000004
At time: 209.0, node 1 map has total uncertainty of 36.550000000000004
At time: 209.5, node 1 map has total uncertainty of 36.550000000000004
At time: 209.5, node 0 map has total uncertainty of 36.550000000000004
At time: 210.0, node 0 map has a total of 40 cell abouve threshold
At time: 210.0, the node 0 has 0.0 unvisited cells
At time: 210.0, node 1 map has a total of 40 cell abouve threshold
At time: 210.0, the node 1 has 0.0 unvisited cells
At time: 210.0, node 0 map has total uncertainty of 41.50000000000001
At time: 210.0, node 1 map has total uncertainty of 41.5
At time: 210.5, node 0 map has total uncertainty of 41.50000000000001
At time: 210.5, node 0 map has total uncertainty of 41.45
At time: 210.5, node 1 map has total uncertainty of 40.650000000000006
At time: 210.5, node 1 map has total uncertainty of 40.650000000000006
At time: 211.0, node 1 map has total uncertainty of 40.650000000000006
At time: 211.0, node 0 map has total uncertainty of 40.650000000000006
At time: 211.5, node 0 map has total uncertainty of 40.650000000000006
At time: 211.5, node 0 map has total uncertainty of 39.85000000000001
At time: 211.5, node 1 map has total uncertainty of 40.650000000000006
At time: 212.0, node 1 map has total uncertainty of 40.650000000000006
At time: 212.0, node 0 map has total uncertainty of 39.85000000000001
At time: 212.5, node 0 map has total uncertainty of 39.85000000000001
At time: 212.5, node 1 map has total uncertainty of 39.85000000000001
At time: 213.0, node 1 map has total uncertainty of 39.85000000000001
At time: 213.0, node 0 map has total uncertainty of 39.85000000000001
At time: 213.5, node 0 map has total uncertainty of 39.85000000000001
At time: 213.5, node 1 map has total uncertainty of 39.85000000000001
At time: 214.0, node 1 map has total uncertainty of 39.85000000000001
At time: 214.0, node 0 map has total uncertainty of 39.85000000000001
At time: 214.5, node 0 map has total uncertainty of 39.050000000000004
At time: 214.5, node 0 map has total uncertainty of 39.050000000000004
At time: 214.5, node 1 map has total uncertainty of 39.050000000000004
At time: 214.5, node 1 map has total uncertainty of 39.050000000000004
At time: 215.0, node 1 map has total uncertainty of 39.050000000000004
At time: 215.0, node 0 map has total uncertainty of 39.050000000000004
At time: 215.5, node 1 map has total uncertainty of 38.25000000000001
At time: 215.5, node 1 map has total uncertainty of 38.25000000000001
At time: 215.5, node 0 map has total uncertainty of 38.25000000000001
At time: 215.5, node 0 map has total uncertainty of 37.400000000000006
At time: 216.0, node 0 map has total uncertainty of 37.400000000000006
At time: 216.0, node 1 map has total uncertainty of 38.25000000000001
At time: 216.5, node 1 map has total uncertainty of 37.400000000000006
At time: 216.5, node 1 map has total uncertainty of 37.400000000000006
At time: 216.5, node 0 map has total uncertainty of 37.400000000000006
At time: 217.0, node 0 map has total uncertainty of 37.400000000000006
At time: 217.0, node 1 map has total uncertainty of 37.400000000000006
At time: 217.5, node 1 map has total uncertainty of 37.400000000000006
At time: 217.5, node 0 map has total uncertainty of 37.400000000000006
At time: 218.0, node 0 map has total uncertainty of 37.400000000000006
At time: 218.0, node 1 map has total uncertainty of 37.400000000000006
At time: 218.5, node 1 map has total uncertainty of 37.400000000000006
At time: 218.5, node 0 map has total uncertainty of 37.400000000000006
At time: 218.5, node 0 map has total uncertainty of 36.55000000000001
At time: 219.0, node 0 map has total uncertainty of 36.55000000000001
At time: 219.0, node 1 map has total uncertainty of 36.55000000000001
At time: 219.5, node 1 map has total uncertainty of 35.70000000000001
At time: 219.5, node 0 map has total uncertainty of 36.55000000000001
At time: 220.0, node 0 map has total uncertainty of 36.55000000000001
At time: 220.0, node 0 map has a total of 44 cell abouve threshold
At time: 220.0, the node 0 has 0.0 unvisited cells
At time: 220.0, node 1 map has a total of 45 cell abouve threshold
At time: 220.0, the node 1 has 0.0 unvisited cells
At time: 220.0, node 1 map has total uncertainty of 40.65
At time: 220.5, node 0 map has total uncertainty of 40.599999999999994
At time: 220.5, node 0 map has total uncertainty of 39.7
At time: 220.5, node 1 map has total uncertainty of 40.65
At time: 220.5, node 1 map has total uncertainty of 39.75
At time: 221.0, node 1 map has total uncertainty of 39.75
At time: 221.0, node 0 map has total uncertainty of 39.7
At time: 221.5, node 0 map has total uncertainty of 38.8
At time: 221.5, node 1 map has total uncertainty of 38.8
At time: 222.0, node 1 map has total uncertainty of 38.8
At time: 222.0, node 0 map has total uncertainty of 38.8
At time: 222.5, node 1 map has total uncertainty of 38.8
At time: 222.5, node 1 map has total uncertainty of 37.89999999999999
At time: 222.5, node 0 map has total uncertainty of 38.8
At time: 222.5, node 0 map has total uncertainty of 37.849999999999994
At time: 223.0, node 0 map has total uncertainty of 37.849999999999994
At time: 223.0, node 1 map has total uncertainty of 36.949999999999996
At time: 223.5, node 1 map has total uncertainty of 36.949999999999996
At time: 223.5, node 0 map has total uncertainty of 36.949999999999996
At time: 224.0, node 0 map has total uncertainty of 36.949999999999996
At time: 224.0, node 1 map has total uncertainty of 36.949999999999996
At time: 224.5, node 1 map has total uncertainty of 36.949999999999996
At time: 224.5, node 0 map has total uncertainty of 36.949999999999996
At time: 225.0, node 0 map has total uncertainty of 36.949999999999996
At time: 225.0, node 1 map has total uncertainty of 36.949999999999996
At time: 225.5, node 0 map has total uncertainty of 36.949999999999996
At time: 225.5, node 0 map has total uncertainty of 36.0
At time: 225.5, node 1 map has total uncertainty of 36.949999999999996
At time: 225.5, node 1 map has total uncertainty of 36.05
At time: 226.0, node 1 map has total uncertainty of 36.05
At time: 226.0, node 0 map has total uncertainty of 36.0
At time: 226.5, node 0 map has total uncertainty of 35.099999999999994
At time: 226.5, node 0 map has total uncertainty of 34.14999999999999
At time: 226.5, node 1 map has total uncertainty of 35.099999999999994
At time: 226.5, node 1 map has total uncertainty of 34.64999999999999
At time: 227.0, node 1 map has total uncertainty of 34.64999999999999
At time: 227.0, node 0 map has total uncertainty of 34.14999999999999
At time: 227.5, node 1 map has total uncertainty of 33.699999999999996
At time: 227.5, node 1 map has total uncertainty of 32.7
At time: 227.5, node 0 map has total uncertainty of 33.699999999999996
At time: 228.0, node 0 map has total uncertainty of 33.699999999999996
At time: 228.0, node 1 map has total uncertainty of 32.7
At time: 228.5, node 0 map has total uncertainty of 32.7
At time: 228.5, node 1 map has total uncertainty of 32.7
At time: 229.0, node 1 map has total uncertainty of 32.7
At time: 229.0, node 0 map has total uncertainty of 32.7
At time: 229.5, node 1 map has total uncertainty of 32.7
At time: 229.5, node 0 map has total uncertainty of 32.7
At time: 230.0, node 1 map has a total of 48 cell abouve threshold
At time: 230.0, the node 1 has 0.0 unvisited cells
At time: 230.0, node 0 map has total uncertainty of 32.7
At time: 230.0, node 0 map has a total of 48 cell abouve threshold
At time: 230.0, the node 0 has 0.0 unvisited cells
At time: 230.0, node 1 map has total uncertainty of 37.64999999999999
At time: 230.5, node 0 map has total uncertainty of 37.65
At time: 230.5, node 1 map has total uncertainty of 37.64999999999999
At time: 230.5, node 1 map has total uncertainty of 37.14999999999999
At time: 231.0, node 1 map has total uncertainty of 37.14999999999999
At time: 231.0, node 0 map has total uncertainty of 37.05
At time: 231.5, node 0 map has total uncertainty of 37.05
At time: 231.5, node 1 map has total uncertainty of 37.05
At time: 232.0, node 1 map has total uncertainty of 37.05
At time: 232.5, node 0 map has total uncertainty of 36.599999999999994
At time: 232.5, node 1 map has total uncertainty of 37.05
At time: 233.0, node 1 map has total uncertainty of 37.05
At time: 233.0, node 0 map has total uncertainty of 36.599999999999994
At time: 233.5, node 1 map has total uncertainty of 36.599999999999994
At time: 234.0, node 1 map has total uncertainty of 36.599999999999994
At time: 234.0, node 0 map has total uncertainty of 35.849999999999994
At time: 234.5, node 0 map has total uncertainty of 35.849999999999994
At time: 234.5, node 1 map has total uncertainty of 35.349999999999994
At time: 234.5, node 1 map has total uncertainty of 35.349999999999994
At time: 235.0, node 1 map has total uncertainty of 35.349999999999994
At time: 235.0, node 0 map has total uncertainty of 35.099999999999994
At time: 235.5, node 1 map has total uncertainty of 34.599999999999994
At time: 235.5, node 0 map has total uncertainty of 34.599999999999994
At time: 236.0, node 0 map has total uncertainty of 34.599999999999994
At time: 236.0, node 1 map has total uncertainty of 34.199999999999996
At time: 236.5, node 0 map has total uncertainty of 34.599999999999994
At time: 236.5, node 1 map has total uncertainty of 34.199999999999996
At time: 237.0, node 0 map has total uncertainty of 34.599999999999994
At time: 237.5, node 1 map has total uncertainty of 34.199999999999996
At time: 237.5, node 0 map has total uncertainty of 34.199999999999996
At time: 238.0, node 0 map has total uncertainty of 34.199999999999996
At time: 238.0, node 1 map has total uncertainty of 34.199999999999996
At time: 238.5, node 0 map has total uncertainty of 34.199999999999996
At time: 238.5, node 0 map has total uncertainty of 33.449999999999996
At time: 238.5, node 1 map has total uncertainty of 33.449999999999996
At time: 238.5, node 1 map has total uncertainty of 33.449999999999996
At time: 239.0, node 1 map has total uncertainty of 33.449999999999996
At time: 239.0, node 0 map has total uncertainty of 33.449999999999996
At time: 239.5, node 1 map has total uncertainty of 32.699999999999996
At time: 239.5, node 0 map has total uncertainty of 32.699999999999996
At time: 240.0, node 1 map has a total of 48 cell abouve threshold
At time: 240.0, the node 1 has 0.0 unvisited cells
At time: 240.0, node 0 map has a total of 48 cell abouve threshold
At time: 240.0, the node 0 has 0.0 unvisited cells
At time: 240.0, node 0 map has total uncertainty of 37.65
At time: 240.0, node 1 map has total uncertainty of 37.65
At time: 240.5, node 0 map has total uncertainty of 36.8
At time: 240.5, node 0 map has total uncertainty of 36.8
At time: 240.5, node 1 map has total uncertainty of 36.75
At time: 240.5, node 1 map has total uncertainty of 36.75
At time: 241.0, node 1 map has total uncertainty of 36.75
At time: 241.0, node 0 map has total uncertainty of 36.8
At time: 241.5, node 1 map has total uncertainty of 35.95
At time: 241.5, node 0 map has total uncertainty of 35.95
At time: 242.0, node 0 map has total uncertainty of 35.95
At time: 242.0, node 1 map has total uncertainty of 35.95
At time: 242.5, node 0 map has total uncertainty of 35.1
At time: 242.5, node 0 map has total uncertainty of 35.1
At time: 242.5, node 1 map has total uncertainty of 35.1
At time: 242.5, node 1 map has total uncertainty of 35.1
At time: 243.0, node 1 map has total uncertainty of 35.1
At time: 243.0, node 0 map has total uncertainty of 35.1
At time: 243.5, node 1 map has total uncertainty of 34.25
At time: 243.5, node 0 map has total uncertainty of 34.25
At time: 244.0, node 0 map has total uncertainty of 34.25
At time: 244.0, node 1 map has total uncertainty of 34.25
At time: 244.5, node 0 map has total uncertainty of 34.25
At time: 244.5, node 1 map has total uncertainty of 34.25
At time: 245.0, node 1 map has total uncertainty of 34.25
At time: 245.0, node 0 map has total uncertainty of 34.25
At time: 245.5, node 1 map has total uncertainty of 33.4
At time: 245.5, node 1 map has total uncertainty of 33.4
At time: 245.5, node 0 map has total uncertainty of 34.25
At time: 245.5, node 0 map has total uncertainty of 33.5
At time: 246.0, node 0 map has total uncertainty of 33.5
At time: 246.0, node 1 map has total uncertainty of 33.4
At time: 246.5, node 0 map has total uncertainty of 33.5
At time: 246.5, node 1 map has total uncertainty of 33.4
At time: 247.0, node 1 map has total uncertainty of 33.4
At time: 247.0, node 0 map has total uncertainty of 33.5
At time: 247.5, node 1 map has total uncertainty of 33.4
At time: 247.5, node 0 map has total uncertainty of 33.5
At time: 248.0, node 0 map has total uncertainty of 33.5
At time: 248.0, node 1 map has total uncertainty of 33.4
At time: 248.5, node 0 map has total uncertainty of 33.5
At time: 248.5, node 1 map has total uncertainty of 33.4
At time: 249.0, node 1 map has total uncertainty of 33.4
At time: 249.0, node 0 map has total uncertainty of 33.5
At time: 249.5, node 1 map has total uncertainty of 33.4
At time: 249.5, node 0 map has total uncertainty of 33.5
At time: 250.0, node 0 map has a total of 46 cell abouve threshold
At time: 250.0, the node 0 has 0.0 unvisited cells
At time: 250.0, node 1 map has a total of 46 cell abouve threshold
At time: 250.0, the node 1 has 0.0 unvisited cells
At time: 250.0, node 0 map has total uncertainty of 38.45
At time: 250.0, node 1 map has total uncertainty of 38.35000000000001
At time: 250.5, node 0 map has total uncertainty of 38.45
At time: 250.5, node 0 map has total uncertainty of 37.650000000000006
At time: 250.5, node 1 map has total uncertainty of 38.35000000000001
At time: 250.5, node 1 map has total uncertainty of 37.50000000000001
At time: 251.0, node 1 map has total uncertainty of 37.50000000000001
At time: 251.0, node 0 map has total uncertainty of 37.650000000000006
At time: 251.5, node 1 map has total uncertainty of 37.50000000000001
At time: 251.5, node 0 map has total uncertainty of 37.650000000000006
At time: 252.0, node 0 map has total uncertainty of 37.650000000000006
At time: 252.0, node 1 map has total uncertainty of 37.50000000000001
At time: 252.5, node 0 map has total uncertainty of 37.650000000000006
At time: 252.5, node 1 map has total uncertainty of 37.50000000000001
At time: 253.0, node 1 map has total uncertainty of 37.50000000000001
At time: 253.0, node 0 map has total uncertainty of 37.650000000000006
At time: 253.5, node 1 map has total uncertainty of 37.50000000000001
At time: 253.5, node 0 map has total uncertainty of 37.650000000000006
At time: 254.0, node 0 map has total uncertainty of 37.650000000000006
At time: 254.0, node 1 map has total uncertainty of 37.50000000000001
At time: 254.5, node 0 map has total uncertainty of 37.650000000000006
At time: 254.5, node 1 map has total uncertainty of 37.50000000000001
At time: 255.0, node 1 map has total uncertainty of 37.50000000000001
At time: 255.0, node 0 map has total uncertainty of 37.650000000000006
At time: 255.5, node 1 map has total uncertainty of 37.50000000000001
At time: 255.5, node 1 map has total uncertainty of 36.650000000000006
At time: 255.5, node 0 map has total uncertainty of 37.650000000000006
At time: 255.5, node 0 map has total uncertainty of 36.85
At time: 256.0, node 0 map has total uncertainty of 36.85
At time: 256.0, node 1 map has total uncertainty of 36.650000000000006
At time: 256.5, node 0 map has total uncertainty of 36.85
At time: 256.5, node 1 map has total uncertainty of 36.650000000000006
At time: 257.0, node 1 map has total uncertainty of 36.650000000000006
At time: 257.0, node 0 map has total uncertainty of 36.85
At time: 257.5, node 1 map has total uncertainty of 36.650000000000006
At time: 257.5, node 0 map has total uncertainty of 36.85
At time: 258.0, node 0 map has total uncertainty of 36.85
At time: 258.0, node 1 map has total uncertainty of 36.650000000000006
At time: 258.5, node 0 map has total uncertainty of 36.85
At time: 258.5, node 1 map has total uncertainty of 36.650000000000006
At time: 259.0, node 1 map has total uncertainty of 36.650000000000006
At time: 259.0, node 0 map has total uncertainty of 36.85
At time: 259.5, node 1 map has total uncertainty of 36.650000000000006
At time: 259.5, node 0 map has total uncertainty of 36.85
At time: 260.0, node 1 map has a total of 40 cell abouve threshold
At time: 260.0, the node 1 has 0.0 unvisited cells
At time: 260.0, node 0 map has total uncertainty of 36.85
At time: 260.0, node 0 map has a total of 40 cell abouve threshold
At time: 260.0, the node 0 has 0.0 unvisited cells
At time: 260.0, node 1 map has total uncertainty of 41.60000000000001
At time: 260.5, node 0 map has total uncertainty of 41.80000000000001
At time: 260.5, node 0 map has total uncertainty of 40.95000000000001
At time: 260.5, node 1 map has total uncertainty of 41.60000000000001
At time: 260.5, node 1 map has total uncertainty of 41.5
At time: 261.0, node 1 map has total uncertainty of 41.5
At time: 261.0, node 0 map has total uncertainty of 40.95000000000001
At time: 261.5, node 1 map has total uncertainty of 41.5
At time: 261.5, node 1 map has total uncertainty of 41.400000000000006
At time: 261.5, node 0 map has total uncertainty of 40.95000000000001
At time: 262.0, node 0 map has total uncertainty of 40.95000000000001
At time: 262.0, node 1 map has total uncertainty of 41.400000000000006
At time: 262.5, node 0 map has total uncertainty of 37.25000000000001
At time: 262.5, node 0 map has total uncertainty of 37.25000000000001
At time: 262.5, node 1 map has total uncertainty of 38.10000000000001
At time: 262.5, node 1 map has total uncertainty of 38.05000000000001
At time: 263.0, node 1 map has total uncertainty of 38.05000000000001
At time: 263.0, node 0 map has total uncertainty of 37.25000000000001
At time: 263.5, node 1 map has total uncertainty of 37.20000000000001
At time: 263.5, node 1 map has total uncertainty of 37.20000000000001
At time: 263.5, node 0 map has total uncertainty of 36.35000000000001
At time: 263.5, node 0 map has total uncertainty of 36.35000000000001
At time: 264.0, node 0 map has total uncertainty of 36.35000000000001
At time: 264.0, node 1 map has total uncertainty of 37.20000000000001
At time: 264.5, node 0 map has total uncertainty of 36.35000000000001
At time: 264.5, node 1 map has total uncertainty of 36.35000000000001
At time: 265.0, node 1 map has total uncertainty of 36.35000000000001
At time: 265.0, node 0 map has total uncertainty of 36.35000000000001
At time: 265.5, node 1 map has total uncertainty of 36.35000000000001
At time: 265.5, node 1 map has total uncertainty of 35.900000000000006
At time: 265.5, node 0 map has total uncertainty of 36.00000000000001
At time: 265.5, node 0 map has total uncertainty of 36.00000000000001
At time: 266.0, node 0 map has total uncertainty of 36.00000000000001
At time: 266.0, node 1 map has total uncertainty of 35.900000000000006
At time: 266.5, node 0 map has total uncertainty of 35.55000000000001
At time: 266.5, node 1 map has total uncertainty of 35.55000000000001
At time: 266.5, node 1 map has total uncertainty of 34.80000000000001
At time: 267.0, node 1 map has total uncertainty of 34.80000000000001
At time: 267.0, node 0 map has total uncertainty of 34.45000000000001
At time: 267.0, node 0 map has total uncertainty of 34.00000000000001
At time: 267.5, node 0 map has total uncertainty of 34.00000000000001
At time: 267.5, node 1 map has total uncertainty of 34.00000000000001
At time: 268.0, node 1 map has total uncertainty of 34.00000000000001
At time: 268.0, node 0 map has total uncertainty of 33.25000000000001
At time: 268.5, node 0 map has total uncertainty of 33.25000000000001
At time: 268.5, node 1 map has total uncertainty of 33.25000000000001
At time: 269.0, node 1 map has total uncertainty of 33.25000000000001
At time: 269.0, node 0 map has total uncertainty of 33.25000000000001
At time: 269.5, node 0 map has total uncertainty of 33.25000000000001
At time: 269.5, node 1 map has total uncertainty of 33.25000000000001
At time: 270.0, node 1 map has a total of 45 cell abouve threshold
At time: 270.0, the node 1 has 0.0 unvisited cells
At time: 270.0, node 1 map has total uncertainty of 38.19999999999999
At time: 270.0, node 0 map has a total of 45 cell abouve threshold
At time: 270.0, the node 0 has 0.0 unvisited cells
At time: 270.0, node 0 map has total uncertainty of 38.19999999999999
At time: 270.5, node 0 map has total uncertainty of 38.14999999999999
At time: 270.5, node 0 map has total uncertainty of 38.14999999999999
At time: 270.5, node 1 map has total uncertainty of 38.19999999999999
At time: 270.5, node 1 map has total uncertainty of 37.39999999999999
At time: 271.0, node 1 map has total uncertainty of 37.39999999999999
At time: 271.0, node 0 map has total uncertainty of 38.14999999999999
server closing
server closed
At time: 271.5, node 1 map has total uncertainty of 37.349999999999994
At time: 271.5, node 0 map has total uncertainty of 37.349999999999994
At time: 271.5, node 0 map has total uncertainty of 37.349999999999994
At time: 272.0, node 0 map has total uncertainty of 37.349999999999994
At time: 272.0, node 1 map has total uncertainty of 37.349999999999994
At time: 272.5, node 1 map has total uncertainty of 37.349999999999994
At time: 272.5, node 0 map has total uncertainty of 37.349999999999994
At time: 272.5, node 0 map has total uncertainty of 36.55
At time: 273.0, node 0 map has total uncertainty of 36.55
